<?xml version="1.0" encoding="utf-8"?>
<test-run id="2" testcasecount="169" result="Failed(Child)" total="169" passed="162" failed="7" inconclusive="0" skipped="0" asserts="0" engine-version="3.5.0.0" clr-version="4.0.30319.42000" start-time="2026-07-14 09:55:35Z" end-time="2026-07-14 09:55:41Z" duration="6,1191004">
  <test-suite type="TestSuite" id="1197" name="GuildIdle" fullname="GuildIdle" runstate="Runnable" testcasecount="169" result="Failed" site="Child" start-time="2026-07-14 09:55:35Z" end-time="2026-07-14 09:55:41Z" duration="6.119100" total="169" passed="162" failed="7" inconclusive="0" skipped="0" asserts="0">
    <properties>
      <property name="platform" value="EditMode" />
    </properties>
    <failure>
      <message><![CDATA[One or more child tests had errors]]></message>
    </failure>
    <test-suite type="Assembly" id="1186" name="Assembly-CSharp-Editor.dll" fullname="E:/repo/GuildIdle/Library/ScriptAssemblies/Assembly-CSharp-Editor.dll" runstate="Runnable" testcasecount="169" result="Failed" site="Child" start-time="2026-07-14 09:55:35Z" end-time="2026-07-14 09:55:41Z" duration="6.085077" total="169" passed="162" failed="7" inconclusive="0" skipped="0" asserts="0">
      <properties>
        <property name="_PID" value="27544" />
        <property name="_APPDOMAIN" value="Unity Child Domain" />
        <property name="platform" value="EditMode" />
        <property name="EditorOnly" value="True" />
      </properties>
      <failure>
        <message><![CDATA[One or more child tests had errors]]></message>
      </failure>
      <test-suite type="TestSuite" id="1187" name="GuildIdle" fullname="GuildIdle" runstate="Runnable" testcasecount="169" result="Failed" site="Child" start-time="2026-07-14 09:55:35Z" end-time="2026-07-14 09:55:41Z" duration="6.076211" total="169" passed="162" failed="7" inconclusive="0" skipped="0" asserts="0">
        <properties />
        <failure>
          <message><![CDATA[One or more child tests had errors]]></message>
        </failure>
        <test-suite type="TestSuite" id="1188" name="Editor" fullname="GuildIdle.Editor" runstate="Runnable" testcasecount="169" result="Failed" site="Child" start-time="2026-07-14 09:55:35Z" end-time="2026-07-14 09:55:41Z" duration="6.073815" total="169" passed="162" failed="7" inconclusive="0" skipped="0" asserts="0">
          <properties />
          <failure>
            <message><![CDATA[One or more child tests had errors]]></message>
          </failure>
          <test-suite type="TestSuite" id="1191" name="Activities" fullname="GuildIdle.Editor.Activities" runstate="Runnable" testcasecount="18" result="Failed" site="Child" start-time="2026-07-14 09:55:35Z" end-time="2026-07-14 09:55:35Z" duration="0.018573" total="18" passed="17" failed="1" inconclusive="0" skipped="0" asserts="0">
            <properties />
            <failure>
              <message><![CDATA[One or more child tests had errors]]></message>
            </failure>
            <test-suite type="TestFixture" id="1166" name="ActivityResolverTests" fullname="GuildIdle.Editor.Activities.ActivityResolverTests" classname="GuildIdle.Editor.Activities.ActivityResolverTests" runstate="Runnable" testcasecount="9" result="Failed" site="Child" start-time="2026-07-14 09:55:35Z" end-time="2026-07-14 09:55:35Z" duration="0.005893" total="9" passed="8" failed="1" inconclusive="0" skipped="0" asserts="0">
              <properties />
              <failure>
                <message><![CDATA[One or more child tests had errors]]></message>
              </failure>
              <test-case id="1171" name="ApplyCost_IsAtomicForConsumableRequirements" fullname="GuildIdle.Editor.Activities.ActivityResolverTests.ApplyCost_IsAtomicForConsumableRequirements" methodname="ApplyCost_IsAtomicForConsumableRequirements" classname="GuildIdle.Editor.Activities.ActivityResolverTests" runstate="Runnable" seed="1284165703" result="Passed" start-time="2026-07-14 09:55:35Z" end-time="2026-07-14 09:55:35Z" duration="0.000248" asserts="0">
                <properties>
                  <property name="retryIteration" value="0" />
                  <property name="repeatIteration" value="0" />
                </properties>
              </test-case>
              <test-case id="1172" name="ApplyRewards_AppliesDirectRewardsAndCurrencyRules" fullname="GuildIdle.Editor.Activities.ActivityResolverTests.ApplyRewards_AppliesDirectRewardsAndCurrencyRules" methodname="ApplyRewards_AppliesDirectRewardsAndCurrencyRules" classname="GuildIdle.Editor.Activities.ActivityResolverTests" runstate="Runnable" seed="802608186" result="Failed" start-time="2026-07-14 09:55:35Z" end-time="2026-07-14 09:55:35Z" duration="0.002221" asserts="0">
                <properties>
                  <property name="retryIteration" value="0" />
                  <property name="repeatIteration" value="0" />
                </properties>
                <failure>
                  <message><![CDATA[  Expected: True
  But was:  False
]]></message>
                  <stack-trace><![CDATA[at GuildIdle.Editor.Activities.ActivityResolverTests.ApplyRewards_AppliesDirectRewardsAndCurrencyRules () [0x00033] in E:\repo\GuildIdle\Assets\Scripts\Editor\Activities\ActivityResolverTests.cs:119
]]></stack-trace>
                </failure>
                <output><![CDATA[[ActivityRewardResolver] Unsupported reward type 'BuildingUnlock'.
[ActivityRewardResolver] Unsupported reward type 'BuildingUnlock' for activity 'direct_rewards'.
[ActivityRewardResolver] Unsupported reward type 'MapAccess'.
[ActivityRewardResolver] Unsupported reward type 'MapAccess' for activity 'direct_rewards'.
]]></output>
              </test-case>
              <test-case id="1175" name="ApplyRewards_CanApplyLootTableAndSaveRoundtrip" fullname="GuildIdle.Editor.Activities.ActivityResolverTests.ApplyRewards_CanApplyLootTableAndSaveRoundtrip" methodname="ApplyRewards_CanApplyLootTableAndSaveRoundtrip" classname="GuildIdle.Editor.Activities.ActivityResolverTests" runstate="Runnable" seed="442516861" result="Passed" start-time="2026-07-14 09:55:35Z" end-time="2026-07-14 09:55:35Z" duration="0.000277" asserts="0">
                <properties>
                  <property name="retryIteration" value="0" />
                  <property name="repeatIteration" value="0" />
                </properties>
              </test-case>
              <test-case id="1173" name="ApplyRewards_UsesGrantMomentCompletionSemantics" fullname="GuildIdle.Editor.Activities.ActivityResolverTests.ApplyRewards_UsesGrantMomentCompletionSemantics" methodname="ApplyRewards_UsesGrantMomentCompletionSemantics" classname="GuildIdle.Editor.Activities.ActivityResolverTests" runstate="Runnable" seed="1257875260" result="Passed" start-time="2026-07-14 09:55:35Z" end-time="2026-07-14 09:55:35Z" duration="0.000180" asserts="0">
                <properties>
                  <property name="retryIteration" value="0" />
                  <property name="repeatIteration" value="0" />
                </properties>
              </test-case>
              <test-case id="1167" name="CanStart_ReturnsMissingRequirements" fullname="GuildIdle.Editor.Activities.ActivityResolverTests.CanStart_ReturnsMissingRequirements" methodname="CanStart_ReturnsMissingRequirements" classname="GuildIdle.Editor.Activities.ActivityResolverTests" runstate="Runnable" seed="683633786" result="Passed" start-time="2026-07-14 09:55:35Z" end-time="2026-07-14 09:55:35Z" duration="0.000176" asserts="0">
                <properties>
                  <property name="retryIteration" value="0" />
                  <property name="repeatIteration" value="0" />
                </properties>
              </test-case>
              <test-case id="1170" name="CanStart_SkillLevelChecksExecutorHero" fullname="GuildIdle.Editor.Activities.ActivityResolverTests.CanStart_SkillLevelChecksExecutorHero" methodname="CanStart_SkillLevelChecksExecutorHero" classname="GuildIdle.Editor.Activities.ActivityResolverTests" runstate="Runnable" seed="1309754574" result="Passed" start-time="2026-07-14 09:55:35Z" end-time="2026-07-14 09:55:35Z" duration="0.000152" asserts="0">
                <properties>
                  <property name="retryIteration" value="0" />
                  <property name="repeatIteration" value="0" />
                </properties>
              </test-case>
              <test-case id="1169" name="CanStart_ValidatesExecutorHeroAndBusyExecution" fullname="GuildIdle.Editor.Activities.ActivityResolverTests.CanStart_ValidatesExecutorHeroAndBusyExecution" methodname="CanStart_ValidatesExecutorHeroAndBusyExecution" classname="GuildIdle.Editor.Activities.ActivityResolverTests" runstate="Runnable" seed="13661499" result="Passed" start-time="2026-07-14 09:55:35Z" end-time="2026-07-14 09:55:35Z" duration="0.000145" asserts="0">
                <properties>
                  <property name="retryIteration" value="0" />
                  <property name="repeatIteration" value="0" />
                </properties>
              </test-case>
              <test-case id="1174" name="LootResolver_RollsTableModesAndEnemyGoldAsCurrency" fullname="GuildIdle.Editor.Activities.ActivityResolverTests.LootResolver_RollsTableModesAndEnemyGoldAsCurrency" methodname="LootResolver_RollsTableModesAndEnemyGoldAsCurrency" classname="GuildIdle.Editor.Activities.ActivityResolverTests" runstate="Runnable" seed="1521914225" result="Passed" start-time="2026-07-14 09:55:35Z" end-time="2026-07-14 09:55:35Z" duration="0.000175" asserts="0">
                <properties>
                  <property name="retryIteration" value="0" />
                  <property name="repeatIteration" value="0" />
                </properties>
              </test-case>
              <test-case id="1168" name="UnknownActivity_ReturnsIssueWithoutThrowing" fullname="GuildIdle.Editor.Activities.ActivityResolverTests.UnknownActivity_ReturnsIssueWithoutThrowing" methodname="UnknownActivity_ReturnsIssueWithoutThrowing" classname="GuildIdle.Editor.Activities.ActivityResolverTests" runstate="Runnable" seed="1089499407" result="Passed" start-time="2026-07-14 09:55:35Z" end-time="2026-07-14 09:55:35Z" duration="0.000665" asserts="0">
                <properties>
                  <property name="retryIteration" value="0" />
                  <property name="repeatIteration" value="0" />
                </properties>
                <output><![CDATA[[ActivityResolver] Unknown activity id 'missing_activity'.
]]></output>
              </test-case>
            </test-suite>
            <test-suite type="TestFixture" id="1176" name="ActivityRuntimeServiceTests" fullname="GuildIdle.Editor.Activities.ActivityRuntimeServiceTests" classname="GuildIdle.Editor.Activities.ActivityRuntimeServiceTests" runstate="Runnable" testcasecount="9" result="Passed" start-time="2026-07-14 09:55:35Z" end-time="2026-07-14 09:55:35Z" duration="0.011848" total="9" passed="9" failed="0" inconclusive="0" skipped="0" asserts="0">
              <properties />
              <test-case id="1183" name="CancelClearsExecutionWithoutRewardOrRefund" fullname="GuildIdle.Editor.Activities.ActivityRuntimeServiceTests.CancelClearsExecutionWithoutRewardOrRefund" methodname="CancelClearsExecutionWithoutRewardOrRefund" classname="GuildIdle.Editor.Activities.ActivityRuntimeServiceTests" runstate="Runnable" seed="105407729" result="Passed" start-time="2026-07-14 09:55:35Z" end-time="2026-07-14 09:55:35Z" duration="0.000297" asserts="0">
                <properties>
                  <property name="retryIteration" value="0" />
                  <property name="repeatIteration" value="0" />
                </properties>
              </test-case>
              <test-case id="1184" name="SaveLoadRestoresActiveExecutionAndHeroBusyState" fullname="GuildIdle.Editor.Activities.ActivityRuntimeServiceTests.SaveLoadRestoresActiveExecutionAndHeroBusyState" methodname="SaveLoadRestoresActiveExecutionAndHeroBusyState" classname="GuildIdle.Editor.Activities.ActivityRuntimeServiceTests" runstate="Runnable" seed="357514318" result="Passed" start-time="2026-07-14 09:55:35Z" end-time="2026-07-14 09:55:35Z" duration="0.000272" asserts="0">
                <properties>
                  <property name="retryIteration" value="0" />
                  <property name="repeatIteration" value="0" />
                </properties>
              </test-case>
              <test-case id="1177" name="Start_CreatesExecutionAndSpendsHeroFatigue" fullname="GuildIdle.Editor.Activities.ActivityRuntimeServiceTests.Start_CreatesExecutionAndSpendsHeroFatigue" methodname="Start_CreatesExecutionAndSpendsHeroFatigue" classname="GuildIdle.Editor.Activities.ActivityRuntimeServiceTests" runstate="Runnable" seed="1929632164" result="Passed" start-time="2026-07-14 09:55:35Z" end-time="2026-07-14 09:55:35Z" duration="0.000189" asserts="0">
                <properties>
                  <property name="retryIteration" value="0" />
                  <property name="repeatIteration" value="0" />
                </properties>
              </test-case>
              <test-case id="1185" name="Start_EnforcesActiveHeroLimitAndCancelReleasesIt" fullname="GuildIdle.Editor.Activities.ActivityRuntimeServiceTests.Start_EnforcesActiveHeroLimitAndCancelReleasesIt" methodname="Start_EnforcesActiveHeroLimitAndCancelReleasesIt" classname="GuildIdle.Editor.Activities.ActivityRuntimeServiceTests" runstate="Runnable" seed="905455019" result="Passed" start-time="2026-07-14 09:55:35Z" end-time="2026-07-14 09:55:35Z" duration="0.000324" asserts="0">
                <properties>
                  <property name="retryIteration" value="0" />
                  <property name="repeatIteration" value="0" />
                </properties>
              </test-case>
              <test-case id="1178" name="Start_RejectsCompletedNonRepeatableBeforeCost" fullname="GuildIdle.Editor.Activities.ActivityRuntimeServiceTests.Start_RejectsCompletedNonRepeatableBeforeCost" methodname="Start_RejectsCompletedNonRepeatableBeforeCost" classname="GuildIdle.Editor.Activities.ActivityRuntimeServiceTests" runstate="Runnable" seed="530455103" result="Passed" start-time="2026-07-14 09:55:35Z" end-time="2026-07-14 09:55:35Z" duration="0.000139" asserts="0">
                <properties>
                  <property name="retryIteration" value="0" />
                  <property name="repeatIteration" value="0" />
                </properties>
              </test-case>
              <test-case id="1179" name="Start_UnknownActivityAndEmptySlotFailWithoutStateChange" fullname="GuildIdle.Editor.Activities.ActivityRuntimeServiceTests.Start_UnknownActivityAndEmptySlotFailWithoutStateChange" methodname="Start_UnknownActivityAndEmptySlotFailWithoutStateChange" classname="GuildIdle.Editor.Activities.ActivityRuntimeServiceTests" runstate="Runnable" seed="164307464" result="Passed" start-time="2026-07-14 09:55:35Z" end-time="2026-07-14 09:55:35Z" duration="0.001155" asserts="0">
                <properties>
                  <property name="retryIteration" value="0" />
                  <property name="repeatIteration" value="0" />
                </properties>
                <output><![CDATA[[ActivityResolver] Unknown activity id 'missing_activity'.
[ActivityResolver] Unknown activity id 'missing_activity'.
]]></output>
              </test-case>
              <test-case id="1182" name="Tick_OneShotCompletesBothMomentsAndReleasesHero" fullname="GuildIdle.Editor.Activities.ActivityRuntimeServiceTests.Tick_OneShotCompletesBothMomentsAndReleasesHero" methodname="Tick_OneShotCompletesBothMomentsAndReleasesHero" classname="GuildIdle.Editor.Activities.ActivityRuntimeServiceTests" runstate="Runnable" seed="610309913" result="Passed" start-time="2026-07-14 09:55:35Z" end-time="2026-07-14 09:55:35Z" duration="0.000265" asserts="0">
                <properties>
                  <property name="retryIteration" value="0" />
                  <property name="repeatIteration" value="0" />
                </properties>
              </test-case>
              <test-case id="1180" name="Tick_RepeatableProcessesCyclesRewardsAndLimit" fullname="GuildIdle.Editor.Activities.ActivityRuntimeServiceTests.Tick_RepeatableProcessesCyclesRewardsAndLimit" methodname="Tick_RepeatableProcessesCyclesRewardsAndLimit" classname="GuildIdle.Editor.Activities.ActivityRuntimeServiceTests" runstate="Runnable" seed="1046054591" result="Passed" start-time="2026-07-14 09:55:35Z" end-time="2026-07-14 09:55:35Z" duration="0.001524" asserts="0">
                <properties>
                  <property name="retryIteration" value="0" />
                  <property name="repeatIteration" value="0" />
                </properties>
              </test-case>
              <test-case id="1181" name="Tick_RewardFailureKeepsRepeatableExecution" fullname="GuildIdle.Editor.Activities.ActivityRuntimeServiceTests.Tick_RewardFailureKeepsRepeatableExecution" methodname="Tick_RewardFailureKeepsRepeatableExecution" classname="GuildIdle.Editor.Activities.ActivityRuntimeServiceTests" runstate="Runnable" seed="772358788" result="Passed" start-time="2026-07-14 09:55:35Z" end-time="2026-07-14 09:55:35Z" duration="0.001337" asserts="0">
                <properties>
                  <property name="retryIteration" value="0" />
                  <property name="repeatIteration" value="0" />
                </properties>
                <output><![CDATA[[ActivityRewardResolver] Unsupported reward type 'Unsupported'.
[ActivityRewardResolver] Unsupported reward type 'Unsupported' for activity 'bad_cycle'.
]]></output>
              </test-case>
            </test-suite>
          </test-suite>
          <test-suite type="TestSuite" id="1190" name="ConfigDownloader" fullname="GuildIdle.Editor.ConfigDownloader" runstate="Runnable" testcasecount="134" result="Failed" site="Child" start-time="2026-07-14 09:55:35Z" end-time="2026-07-14 09:55:41Z" duration="6.027311" total="134" passed="128" failed="6" inconclusive="0" skipped="0" asserts="0">
            <properties />
            <failure>
              <message><![CDATA[One or more child tests had errors]]></message>
            </failure>
            <test-suite type="TestFixture" id="1020" name="ActivityConfigsParserTests" fullname="GuildIdle.Editor.ConfigDownloader.ActivityConfigsParserTests" classname="GuildIdle.Editor.ConfigDownloader.ActivityConfigsParserTests" runstate="Runnable" testcasecount="14" result="Passed" start-time="2026-07-14 09:55:35Z" end-time="2026-07-14 09:55:35Z" duration="0.435564" total="14" passed="14" failed="0" inconclusive="0" skipped="0" asserts="0">
              <properties />
              <test-case id="1027" name="BuildRuntimeJson_AllowsCombatDetailsForCombatOrder" fullname="GuildIdle.Editor.ConfigDownloader.ActivityConfigsParserTests.BuildRuntimeJson_AllowsCombatDetailsForCombatOrder" methodname="BuildRuntimeJson_AllowsCombatDetailsForCombatOrder" classname="GuildIdle.Editor.ConfigDownloader.ActivityConfigsParserTests" runstate="Runnable" seed="757551608" result="Passed" start-time="2026-07-14 09:55:35Z" end-time="2026-07-14 09:55:35Z" duration="0.012540" asserts="0">
                <properties>
                  <property name="retryIteration" value="0" />
                  <property name="repeatIteration" value="0" />
                </properties>
              </test-case>
              <test-case id="1030" name="BuildRuntimeJson_AlwaysWritesRequirementConsumeAndHidden" fullname="GuildIdle.Editor.ConfigDownloader.ActivityConfigsParserTests.BuildRuntimeJson_AlwaysWritesRequirementConsumeAndHidden" methodname="BuildRuntimeJson_AlwaysWritesRequirementConsumeAndHidden" classname="GuildIdle.Editor.ConfigDownloader.ActivityConfigsParserTests" runstate="Runnable" seed="1951223660" result="Passed" start-time="2026-07-14 09:55:35Z" end-time="2026-07-14 09:55:35Z" duration="0.010663" asserts="0">
                <properties>
                  <property name="retryIteration" value="0" />
                  <property name="repeatIteration" value="0" />
                </properties>
              </test-case>
              <test-case id="1025" name="BuildRuntimeJson_RejectsBuildAndCraftActivities" fullname="GuildIdle.Editor.ConfigDownloader.ActivityConfigsParserTests.BuildRuntimeJson_RejectsBuildAndCraftActivities" methodname="BuildRuntimeJson_RejectsBuildAndCraftActivities" classname="GuildIdle.Editor.ConfigDownloader.ActivityConfigsParserTests" runstate="Runnable" seed="1154052801" result="Passed" start-time="2026-07-14 09:55:35Z" end-time="2026-07-14 09:55:35Z" duration="0.009584" asserts="0">
                <properties>
                  <property name="retryIteration" value="0" />
                  <property name="repeatIteration" value="0" />
                </properties>
              </test-case>
              <test-case id="1028" name="BuildRuntimeJson_RejectsCombatDetailsForNonCombatOrder" fullname="GuildIdle.Editor.ConfigDownloader.ActivityConfigsParserTests.BuildRuntimeJson_RejectsCombatDetailsForNonCombatOrder" methodname="BuildRuntimeJson_RejectsCombatDetailsForNonCombatOrder" classname="GuildIdle.Editor.ConfigDownloader.ActivityConfigsParserTests" runstate="Runnable" seed="2012290094" result="Passed" start-time="2026-07-14 09:55:35Z" end-time="2026-07-14 09:55:35Z" duration="0.009684" asserts="0">
                <properties>
                  <property name="retryIteration" value="0" />
                  <property name="repeatIteration" value="0" />
                </properties>
              </test-case>
              <test-case id="1026" name="BuildRuntimeJson_RejectsDetailsThatReferenceWrongActivityType" fullname="GuildIdle.Editor.ConfigDownloader.ActivityConfigsParserTests.BuildRuntimeJson_RejectsDetailsThatReferenceWrongActivityType" methodname="BuildRuntimeJson_RejectsDetailsThatReferenceWrongActivityType" classname="GuildIdle.Editor.ConfigDownloader.ActivityConfigsParserTests" runstate="Runnable" seed="522804423" result="Passed" start-time="2026-07-14 09:55:35Z" end-time="2026-07-14 09:55:35Z" duration="0.010442" asserts="0">
                <properties>
                  <property name="retryIteration" value="0" />
                  <property name="repeatIteration" value="0" />
                </properties>
              </test-case>
              <test-case id="1032" name="BuildRuntimeJson_RejectsUnknownQuestStartConditionType" fullname="GuildIdle.Editor.ConfigDownloader.ActivityConfigsParserTests.BuildRuntimeJson_RejectsUnknownQuestStartConditionType" methodname="BuildRuntimeJson_RejectsUnknownQuestStartConditionType" classname="GuildIdle.Editor.ConfigDownloader.ActivityConfigsParserTests" runstate="Runnable" seed="189484795" result="Passed" start-time="2026-07-14 09:55:35Z" end-time="2026-07-14 09:55:35Z" duration="0.010770" asserts="0">
                <properties>
                  <property name="retryIteration" value="0" />
                  <property name="repeatIteration" value="0" />
                </properties>
              </test-case>
              <test-case id="1023" name="BuildRuntimeJson_ReportsMissingActivityReference" fullname="GuildIdle.Editor.ConfigDownloader.ActivityConfigsParserTests.BuildRuntimeJson_ReportsMissingActivityReference" methodname="BuildRuntimeJson_ReportsMissingActivityReference" classname="GuildIdle.Editor.ConfigDownloader.ActivityConfigsParserTests" runstate="Runnable" seed="1732428117" result="Passed" start-time="2026-07-14 09:55:35Z" end-time="2026-07-14 09:55:35Z" duration="0.010985" asserts="0">
                <properties>
                  <property name="retryIteration" value="0" />
                  <property name="repeatIteration" value="0" />
                </properties>
              </test-case>
              <test-case id="1024" name="BuildRuntimeJson_ReportsMissingRequirementRewardAndTriggerActivityReferences" fullname="GuildIdle.Editor.ConfigDownloader.ActivityConfigsParserTests.BuildRuntimeJson_ReportsMissingRequirementRewardAndTriggerActivityReferences" methodname="BuildRuntimeJson_ReportsMissingRequirementRewardAndTriggerActivityReferences" classname="GuildIdle.Editor.ConfigDownloader.ActivityConfigsParserTests" runstate="Runnable" seed="1603105074" result="Passed" start-time="2026-07-14 09:55:35Z" end-time="2026-07-14 09:55:35Z" duration="0.009892" asserts="0">
                <properties>
                  <property name="retryIteration" value="0" />
                  <property name="repeatIteration" value="0" />
                </properties>
              </test-case>
              <test-case id="1022" name="BuildRuntimeJson_ReportsSheetRowColumnValueForInvalidData" fullname="GuildIdle.Editor.ConfigDownloader.ActivityConfigsParserTests.BuildRuntimeJson_ReportsSheetRowColumnValueForInvalidData" methodname="BuildRuntimeJson_ReportsSheetRowColumnValueForInvalidData" classname="GuildIdle.Editor.ConfigDownloader.ActivityConfigsParserTests" runstate="Runnable" seed="626939038" result="Passed" start-time="2026-07-14 09:55:35Z" end-time="2026-07-14 09:55:35Z" duration="0.009922" asserts="0">
                <properties>
                  <property name="retryIteration" value="0" />
                  <property name="repeatIteration" value="0" />
                </properties>
              </test-case>
              <test-case id="1029" name="BuildRuntimeJson_TreatsEnumValuesValueAsString" fullname="GuildIdle.Editor.ConfigDownloader.ActivityConfigsParserTests.BuildRuntimeJson_TreatsEnumValuesValueAsString" methodname="BuildRuntimeJson_TreatsEnumValuesValueAsString" classname="GuildIdle.Editor.ConfigDownloader.ActivityConfigsParserTests" runstate="Runnable" seed="560425533" result="Passed" start-time="2026-07-14 09:55:35Z" end-time="2026-07-14 09:55:35Z" duration="0.010641" asserts="0">
                <properties>
                  <property name="retryIteration" value="0" />
                  <property name="repeatIteration" value="0" />
                </properties>
              </test-case>
              <test-case id="1021" name="BuildRuntimeJson_UsesHeadersAndExcludesDesignerAndDisabledRows" fullname="GuildIdle.Editor.ConfigDownloader.ActivityConfigsParserTests.BuildRuntimeJson_UsesHeadersAndExcludesDesignerAndDisabledRows" methodname="BuildRuntimeJson_UsesHeadersAndExcludesDesignerAndDisabledRows" classname="GuildIdle.Editor.ConfigDownloader.ActivityConfigsParserTests" runstate="Runnable" seed="2116744572" result="Passed" start-time="2026-07-14 09:55:35Z" end-time="2026-07-14 09:55:35Z" duration="0.010839" asserts="0">
                <properties>
                  <property name="retryIteration" value="0" />
                  <property name="repeatIteration" value="0" />
                </properties>
              </test-case>
              <test-case id="1031" name="BuildRuntimeJson_ValidatesEnumValuesRequiredFieldsAndUniquePairs" fullname="GuildIdle.Editor.ConfigDownloader.ActivityConfigsParserTests.BuildRuntimeJson_ValidatesEnumValuesRequiredFieldsAndUniquePairs" methodname="BuildRuntimeJson_ValidatesEnumValuesRequiredFieldsAndUniquePairs" classname="GuildIdle.Editor.ConfigDownloader.ActivityConfigsParserTests" runstate="Runnable" seed="187155230" result="Passed" start-time="2026-07-14 09:55:35Z" end-time="2026-07-14 09:55:35Z" duration="0.010304" asserts="0">
                <properties>
                  <property name="retryIteration" value="0" />
                  <property name="repeatIteration" value="0" />
                </properties>
              </test-case>
              <test-case id="1033" name="ParseAndWrite_DoesNotOverwriteExistingRuntimeWhenValidationFails" fullname="GuildIdle.Editor.ConfigDownloader.ActivityConfigsParserTests.ParseAndWrite_DoesNotOverwriteExistingRuntimeWhenValidationFails" methodname="ParseAndWrite_DoesNotOverwriteExistingRuntimeWhenValidationFails" classname="GuildIdle.Editor.ConfigDownloader.ActivityConfigsParserTests" runstate="Runnable" seed="324923031" result="Passed" start-time="2026-07-14 09:55:35Z" end-time="2026-07-14 09:55:35Z" duration="0.010025" asserts="0">
                <properties>
                  <property name="retryIteration" value="0" />
                  <property name="repeatIteration" value="0" />
                </properties>
              </test-case>
              <test-case id="1034" name="ParseAndWrite_WritesRuntimeOnlyAfterSuccessfulValidation" fullname="GuildIdle.Editor.ConfigDownloader.ActivityConfigsParserTests.ParseAndWrite_WritesRuntimeOnlyAfterSuccessfulValidation" methodname="ParseAndWrite_WritesRuntimeOnlyAfterSuccessfulValidation" classname="GuildIdle.Editor.ConfigDownloader.ActivityConfigsParserTests" runstate="Runnable" seed="569813515" result="Passed" start-time="2026-07-14 09:55:35Z" end-time="2026-07-14 09:55:35Z" duration="0.295542" asserts="0">
                <properties>
                  <property name="retryIteration" value="0" />
                  <property name="repeatIteration" value="0" />
                </properties>
              </test-case>
            </test-suite>
            <test-suite type="TestFixture" id="1035" name="BuildingsConfigsParserTests" fullname="GuildIdle.Editor.ConfigDownloader.BuildingsConfigsParserTests" classname="GuildIdle.Editor.ConfigDownloader.BuildingsConfigsParserTests" runstate="Runnable" testcasecount="16" result="Passed" start-time="2026-07-14 09:55:35Z" end-time="2026-07-14 09:55:36Z" duration="0.739900" total="16" passed="16" failed="0" inconclusive="0" skipped="0" asserts="0">
              <properties />
              <test-case id="1046" name="BuildRuntimeJson_AllowsMissingActiveHeroLimitColumnOnNonHallBuildings" fullname="GuildIdle.Editor.ConfigDownloader.BuildingsConfigsParserTests.BuildRuntimeJson_AllowsMissingActiveHeroLimitColumnOnNonHallBuildings" methodname="BuildRuntimeJson_AllowsMissingActiveHeroLimitColumnOnNonHallBuildings" classname="GuildIdle.Editor.ConfigDownloader.BuildingsConfigsParserTests" runstate="Runnable" seed="1946659781" result="Passed" start-time="2026-07-14 09:55:35Z" end-time="2026-07-14 09:55:35Z" duration="0.013499" asserts="0">
                <properties>
                  <property name="retryIteration" value="0" />
                  <property name="repeatIteration" value="0" />
                </properties>
              </test-case>
              <test-case id="1038" name="BuildRuntimeJson_CraftablesDoNotCreateCraftActions" fullname="GuildIdle.Editor.ConfigDownloader.BuildingsConfigsParserTests.BuildRuntimeJson_CraftablesDoNotCreateCraftActions" methodname="BuildRuntimeJson_CraftablesDoNotCreateCraftActions" classname="GuildIdle.Editor.ConfigDownloader.BuildingsConfigsParserTests" runstate="Runnable" seed="1484418436" result="Passed" start-time="2026-07-14 09:55:35Z" end-time="2026-07-14 09:55:35Z" duration="0.012317" asserts="0">
                <properties>
                  <property name="retryIteration" value="0" />
                  <property name="repeatIteration" value="0" />
                </properties>
              </test-case>
              <test-case id="1037" name="BuildRuntimeJson_GeneratesBuildActionsOnlyForBuildSources" fullname="GuildIdle.Editor.ConfigDownloader.BuildingsConfigsParserTests.BuildRuntimeJson_GeneratesBuildActionsOnlyForBuildSources" methodname="BuildRuntimeJson_GeneratesBuildActionsOnlyForBuildSources" classname="GuildIdle.Editor.ConfigDownloader.BuildingsConfigsParserTests" runstate="Runnable" seed="2055584950" result="Passed" start-time="2026-07-14 09:55:35Z" end-time="2026-07-14 09:55:35Z" duration="0.010494" asserts="0">
                <properties>
                  <property name="retryIteration" value="0" />
                  <property name="repeatIteration" value="0" />
                </properties>
              </test-case>
              <test-case id="1049" name="BuildRuntimeJson_RejectsActiveStageNextStageIdWhenTargetStageDisabled" fullname="GuildIdle.Editor.ConfigDownloader.BuildingsConfigsParserTests.BuildRuntimeJson_RejectsActiveStageNextStageIdWhenTargetStageDisabled" methodname="BuildRuntimeJson_RejectsActiveStageNextStageIdWhenTargetStageDisabled" classname="GuildIdle.Editor.ConfigDownloader.BuildingsConfigsParserTests" runstate="Runnable" seed="613650151" result="Passed" start-time="2026-07-14 09:55:35Z" end-time="2026-07-14 09:55:35Z" duration="0.009118" asserts="0">
                <properties>
                  <property name="retryIteration" value="0" />
                  <property name="repeatIteration" value="0" />
                </properties>
              </test-case>
              <test-case id="1040" name="BuildRuntimeJson_RejectsGoldIdAndItemGoldInCraftables" fullname="GuildIdle.Editor.ConfigDownloader.BuildingsConfigsParserTests.BuildRuntimeJson_RejectsGoldIdAndItemGoldInCraftables" methodname="BuildRuntimeJson_RejectsGoldIdAndItemGoldInCraftables" classname="GuildIdle.Editor.ConfigDownloader.BuildingsConfigsParserTests" runstate="Runnable" seed="1203278406" result="Passed" start-time="2026-07-14 09:55:35Z" end-time="2026-07-14 09:55:35Z" duration="0.017355" asserts="0">
                <properties>
                  <property name="retryIteration" value="0" />
                  <property name="repeatIteration" value="0" />
                </properties>
              </test-case>
              <test-case id="1042" name="BuildRuntimeJson_RejectsLegacyLevelImageIdColumn" fullname="GuildIdle.Editor.ConfigDownloader.BuildingsConfigsParserTests.BuildRuntimeJson_RejectsLegacyLevelImageIdColumn" methodname="BuildRuntimeJson_RejectsLegacyLevelImageIdColumn" classname="GuildIdle.Editor.ConfigDownloader.BuildingsConfigsParserTests" runstate="Runnable" seed="1401102982" result="Passed" start-time="2026-07-14 09:55:35Z" end-time="2026-07-14 09:55:35Z" duration="0.008625" asserts="0">
                <properties>
                  <property name="retryIteration" value="0" />
                  <property name="repeatIteration" value="0" />
                </properties>
              </test-case>
              <test-case id="1043" name="BuildRuntimeJson_RejectsLevelPrefabIdValueWithPrefabIdSuffix" fullname="GuildIdle.Editor.ConfigDownloader.BuildingsConfigsParserTests.BuildRuntimeJson_RejectsLevelPrefabIdValueWithPrefabIdSuffix" methodname="BuildRuntimeJson_RejectsLevelPrefabIdValueWithPrefabIdSuffix" classname="GuildIdle.Editor.ConfigDownloader.BuildingsConfigsParserTests" runstate="Runnable" seed="694238834" result="Passed" start-time="2026-07-14 09:55:35Z" end-time="2026-07-14 09:55:35Z" duration="0.008911" asserts="0">
                <properties>
                  <property name="retryIteration" value="0" />
                  <property name="repeatIteration" value="0" />
                </properties>
              </test-case>
              <test-case id="1048" name="BuildRuntimeJson_RejectsRuntimeRowsThatReferenceDisabledStage" fullname="GuildIdle.Editor.ConfigDownloader.BuildingsConfigsParserTests.BuildRuntimeJson_RejectsRuntimeRowsThatReferenceDisabledStage" methodname="BuildRuntimeJson_RejectsRuntimeRowsThatReferenceDisabledStage" classname="GuildIdle.Editor.ConfigDownloader.BuildingsConfigsParserTests" runstate="Runnable" seed="11752981" result="Passed" start-time="2026-07-14 09:55:35Z" end-time="2026-07-14 09:55:35Z" duration="0.010410" asserts="0">
                <properties>
                  <property name="retryIteration" value="0" />
                  <property name="repeatIteration" value="0" />
                </properties>
              </test-case>
              <test-case id="1045" name="BuildRuntimeJson_ReportsActiveHeroLimitErrors" fullname="GuildIdle.Editor.ConfigDownloader.BuildingsConfigsParserTests.BuildRuntimeJson_ReportsActiveHeroLimitErrors" methodname="BuildRuntimeJson_ReportsActiveHeroLimitErrors" classname="GuildIdle.Editor.ConfigDownloader.BuildingsConfigsParserTests" runstate="Runnable" seed="415656553" result="Passed" start-time="2026-07-14 09:55:35Z" end-time="2026-07-14 09:55:35Z" duration="0.026235" asserts="0">
                <properties>
                  <property name="retryIteration" value="0" />
                  <property name="repeatIteration" value="0" />
                </properties>
              </test-case>
              <test-case id="1044" name="BuildRuntimeJson_ReportsLocalValidationErrors" fullname="GuildIdle.Editor.ConfigDownloader.BuildingsConfigsParserTests.BuildRuntimeJson_ReportsLocalValidationErrors" methodname="BuildRuntimeJson_ReportsLocalValidationErrors" classname="GuildIdle.Editor.ConfigDownloader.BuildingsConfigsParserTests" runstate="Runnable" seed="500394057" result="Passed" start-time="2026-07-14 09:55:35Z" end-time="2026-07-14 09:55:35Z" duration="0.009462" asserts="0">
                <properties>
                  <property name="retryIteration" value="0" />
                  <property name="repeatIteration" value="0" />
                </properties>
              </test-case>
              <test-case id="1047" name="BuildRuntimeJson_RequiresEnabledStage2" fullname="GuildIdle.Editor.ConfigDownloader.BuildingsConfigsParserTests.BuildRuntimeJson_RequiresEnabledStage2" methodname="BuildRuntimeJson_RequiresEnabledStage2" classname="GuildIdle.Editor.ConfigDownloader.BuildingsConfigsParserTests" runstate="Runnable" seed="2088548740" result="Passed" start-time="2026-07-14 09:55:35Z" end-time="2026-07-14 09:55:35Z" duration="0.019244" asserts="0">
                <properties>
                  <property name="retryIteration" value="0" />
                  <property name="repeatIteration" value="0" />
                </properties>
              </test-case>
              <test-case id="1041" name="BuildRuntimeJson_SupportsCompressedBuildingSheetExport" fullname="GuildIdle.Editor.ConfigDownloader.BuildingsConfigsParserTests.BuildRuntimeJson_SupportsCompressedBuildingSheetExport" methodname="BuildRuntimeJson_SupportsCompressedBuildingSheetExport" classname="GuildIdle.Editor.ConfigDownloader.BuildingsConfigsParserTests" runstate="Runnable" seed="1107070669" result="Passed" start-time="2026-07-14 09:55:35Z" end-time="2026-07-14 09:55:35Z" duration="0.011783" asserts="0">
                <properties>
                  <property name="retryIteration" value="0" />
                  <property name="repeatIteration" value="0" />
                </properties>
              </test-case>
              <test-case id="1039" name="BuildRuntimeJson_SupportsDecimalComma" fullname="GuildIdle.Editor.ConfigDownloader.BuildingsConfigsParserTests.BuildRuntimeJson_SupportsDecimalComma" methodname="BuildRuntimeJson_SupportsDecimalComma" classname="GuildIdle.Editor.ConfigDownloader.BuildingsConfigsParserTests" runstate="Runnable" seed="376111835" result="Passed" start-time="2026-07-14 09:55:35Z" end-time="2026-07-14 09:55:35Z" duration="0.009967" asserts="0">
                <properties>
                  <property name="retryIteration" value="0" />
                  <property name="repeatIteration" value="0" />
                </properties>
              </test-case>
              <test-case id="1036" name="BuildRuntimeJson_UsesStableShapeTypesAndExcludesDesignerReadmeAndRawCells" fullname="GuildIdle.Editor.ConfigDownloader.BuildingsConfigsParserTests.BuildRuntimeJson_UsesStableShapeTypesAndExcludesDesignerReadmeAndRawCells" methodname="BuildRuntimeJson_UsesStableShapeTypesAndExcludesDesignerReadmeAndRawCells" classname="GuildIdle.Editor.ConfigDownloader.BuildingsConfigsParserTests" runstate="Runnable" seed="1797297542" result="Passed" start-time="2026-07-14 09:55:35Z" end-time="2026-07-14 09:55:35Z" duration="0.012245" asserts="0">
                <properties>
                  <property name="retryIteration" value="0" />
                  <property name="repeatIteration" value="0" />
                </properties>
              </test-case>
              <test-case id="1050" name="ParseAndWrite_DoesNotOverwriteExistingRuntimeWhenValidationFails" fullname="GuildIdle.Editor.ConfigDownloader.BuildingsConfigsParserTests.ParseAndWrite_DoesNotOverwriteExistingRuntimeWhenValidationFails" methodname="ParseAndWrite_DoesNotOverwriteExistingRuntimeWhenValidationFails" classname="GuildIdle.Editor.ConfigDownloader.BuildingsConfigsParserTests" runstate="Runnable" seed="1842246185" result="Passed" start-time="2026-07-14 09:55:35Z" end-time="2026-07-14 09:55:35Z" duration="0.009201" asserts="0">
                <properties>
                  <property name="retryIteration" value="0" />
                  <property name="repeatIteration" value="0" />
                </properties>
              </test-case>
              <test-case id="1051" name="ParseAndWrite_WritesRuntimeOnlyAfterSuccessfulValidation" fullname="GuildIdle.Editor.ConfigDownloader.BuildingsConfigsParserTests.ParseAndWrite_WritesRuntimeOnlyAfterSuccessfulValidation" methodname="ParseAndWrite_WritesRuntimeOnlyAfterSuccessfulValidation" classname="GuildIdle.Editor.ConfigDownloader.BuildingsConfigsParserTests" runstate="Runnable" seed="1506350498" result="Passed" start-time="2026-07-14 09:55:35Z" end-time="2026-07-14 09:55:36Z" duration="0.504336" asserts="0">
                <properties>
                  <property name="retryIteration" value="0" />
                  <property name="repeatIteration" value="0" />
                </properties>
              </test-case>
            </test-suite>
            <test-suite type="TestFixture" id="1052" name="ConfigCrossConfigValidatorTests" fullname="GuildIdle.Editor.ConfigDownloader.ConfigCrossConfigValidatorTests" classname="GuildIdle.Editor.ConfigDownloader.ConfigCrossConfigValidatorTests" runstate="Runnable" testcasecount="27" result="Failed" site="Child" start-time="2026-07-14 09:55:36Z" end-time="2026-07-14 09:55:36Z" duration="0.142946" total="27" passed="21" failed="6" inconclusive="0" skipped="0" asserts="0">
              <properties />
              <failure>
                <message><![CDATA[One or more child tests had errors]]></message>
              </failure>
              <test-case id="1080" name="RuntimeDtosDeserializeAndRepositoriesLookupQuestAndStageIds" fullname="GuildIdle.Editor.ConfigDownloader.ConfigCrossConfigValidatorTests.RuntimeDtosDeserializeAndRepositoriesLookupQuestAndStageIds" methodname="RuntimeDtosDeserializeAndRepositoriesLookupQuestAndStageIds" classname="GuildIdle.Editor.ConfigDownloader.ConfigCrossConfigValidatorTests" runstate="Runnable" seed="846578203" result="Passed" start-time="2026-07-14 09:55:36Z" end-time="2026-07-14 09:55:36Z" duration="0.000368" asserts="0">
                <properties>
                  <property name="retryIteration" value="0" />
                  <property name="repeatIteration" value="0" />
                </properties>
              </test-case>
              <test-case id="1053" name="Validate_ActivityCombatDetailsEnemyGroupIdSucceeds" fullname="GuildIdle.Editor.ConfigDownloader.ConfigCrossConfigValidatorTests.Validate_ActivityCombatDetailsEnemyGroupIdSucceeds" methodname="Validate_ActivityCombatDetailsEnemyGroupIdSucceeds" classname="GuildIdle.Editor.ConfigDownloader.ConfigCrossConfigValidatorTests" runstate="Runnable" seed="175995363" result="Failed" start-time="2026-07-14 09:55:36Z" end-time="2026-07-14 09:55:36Z" duration="0.002705" asserts="0">
                <properties>
                  <property name="retryIteration" value="0" />
                  <property name="repeatIteration" value="0" />
                </properties>
                <failure>
                  <message><![CDATA[  GuildIdle - Enemies Configs / EnemyGroups row 2 column 'enemy_ref' value 'enemy_rat': enemy_ref references missing Enemies.enemy_id.
GuildIdle - Enemies Configs / EnemyGroups row 2 column 'enemy_ref' value 'enemy_rat:1': enemy_ref references missing EnemyLevels.level.
  Expected: True
  But was:  False
]]></message>
                  <stack-trace><![CDATA[at GuildIdle.Editor.ConfigDownloader.ConfigCrossConfigValidatorTests.Validate_ActivityCombatDetailsEnemyGroupIdSucceeds () [0x00058] in E:\repo\GuildIdle\Assets\Scripts\Editor\ConfigDownloader\ConfigCrossConfigValidatorTests.cs:36
]]></stack-trace>
                </failure>
              </test-case>
              <test-case id="1054" name="Validate_ActivityCombatDetailsReportsMissingEnemyGroupId" fullname="GuildIdle.Editor.ConfigDownloader.ConfigCrossConfigValidatorTests.Validate_ActivityCombatDetailsReportsMissingEnemyGroupId" methodname="Validate_ActivityCombatDetailsReportsMissingEnemyGroupId" classname="GuildIdle.Editor.ConfigDownloader.ConfigCrossConfigValidatorTests" runstate="Runnable" seed="1627738043" result="Passed" start-time="2026-07-14 09:55:36Z" end-time="2026-07-14 09:55:36Z" duration="0.002383" asserts="0">
                <properties>
                  <property name="retryIteration" value="0" />
                  <property name="repeatIteration" value="0" />
                </properties>
              </test-case>
              <test-case id="1055" name="Validate_ActivityCombatDetailsSkipsWhenEnemiesRegistryMissing" fullname="GuildIdle.Editor.ConfigDownloader.ConfigCrossConfigValidatorTests.Validate_ActivityCombatDetailsSkipsWhenEnemiesRegistryMissing" methodname="Validate_ActivityCombatDetailsSkipsWhenEnemiesRegistryMissing" classname="GuildIdle.Editor.ConfigDownloader.ConfigCrossConfigValidatorTests" runstate="Runnable" seed="1818659108" result="Passed" start-time="2026-07-14 09:55:36Z" end-time="2026-07-14 09:55:36Z" duration="0.001857" asserts="0">
                <properties>
                  <property name="retryIteration" value="0" />
                  <property name="repeatIteration" value="0" />
                </properties>
              </test-case>
              <test-case id="1060" name="Validate_BuildingActivitiesAcceptsUnifiedActionRegistryAndEmptyOptionalCompletionFields" fullname="GuildIdle.Editor.ConfigDownloader.ConfigCrossConfigValidatorTests.Validate_BuildingActivitiesAcceptsUnifiedActionRegistryAndEmptyOptionalCompletionFields" methodname="Validate_BuildingActivitiesAcceptsUnifiedActionRegistryAndEmptyOptionalCompletionFields" classname="GuildIdle.Editor.ConfigDownloader.ConfigCrossConfigValidatorTests" runstate="Runnable" seed="1287818968" result="Failed" start-time="2026-07-14 09:55:36Z" end-time="2026-07-14 09:55:36Z" duration="0.008373" asserts="0">
                <properties>
                  <property name="retryIteration" value="0" />
                  <property name="repeatIteration" value="0" />
                </properties>
                <failure>
                  <message><![CDATA[  GuildIdle - Buildings Configs / SettlementStages column 'stage_id' value 'stage_2': stage_2 is required.
  Expected: True
  But was:  False
]]></message>
                  <stack-trace><![CDATA[at GuildIdle.Editor.ConfigDownloader.ConfigCrossConfigValidatorTests.Validate_BuildingActivitiesAcceptsUnifiedActionRegistryAndEmptyOptionalCompletionFields () [0x000b2] in E:\repo\GuildIdle\Assets\Scripts\Editor\ConfigDownloader\ConfigCrossConfigValidatorTests.cs:134
]]></stack-trace>
                </failure>
              </test-case>
              <test-case id="1061" name="Validate_BuildingActivitiesReportsMissingLevelAndActionReferences" fullname="GuildIdle.Editor.ConfigDownloader.ConfigCrossConfigValidatorTests.Validate_BuildingActivitiesReportsMissingLevelAndActionReferences" methodname="Validate_BuildingActivitiesReportsMissingLevelAndActionReferences" classname="GuildIdle.Editor.ConfigDownloader.ConfigCrossConfigValidatorTests" runstate="Runnable" seed="684884015" result="Passed" start-time="2026-07-14 09:55:36Z" end-time="2026-07-14 09:55:36Z" duration="0.003004" asserts="0">
                <properties>
                  <property name="retryIteration" value="0" />
                  <property name="repeatIteration" value="0" />
                </properties>
              </test-case>
              <test-case id="1062" name="Validate_BuildingActivitiesReportsMissingRequiredFields" fullname="GuildIdle.Editor.ConfigDownloader.ConfigCrossConfigValidatorTests.Validate_BuildingActivitiesReportsMissingRequiredFields" methodname="Validate_BuildingActivitiesReportsMissingRequiredFields" classname="GuildIdle.Editor.ConfigDownloader.ConfigCrossConfigValidatorTests" runstate="Runnable" seed="727823292" result="Passed" start-time="2026-07-14 09:55:36Z" end-time="2026-07-14 09:55:36Z" duration="0.002794" asserts="0">
                <properties>
                  <property name="retryIteration" value="0" />
                  <property name="repeatIteration" value="0" />
                </properties>
              </test-case>
              <test-case id="1063" name="Validate_BuildingHallActiveHeroLimitRules" fullname="GuildIdle.Editor.ConfigDownloader.ConfigCrossConfigValidatorTests.Validate_BuildingHallActiveHeroLimitRules" methodname="Validate_BuildingHallActiveHeroLimitRules" classname="GuildIdle.Editor.ConfigDownloader.ConfigCrossConfigValidatorTests" runstate="Runnable" seed="1230009645" result="Failed" start-time="2026-07-14 09:55:36Z" end-time="2026-07-14 09:55:36Z" duration="0.003322" asserts="0">
                <properties>
                  <property name="retryIteration" value="0" />
                  <property name="repeatIteration" value="0" />
                </properties>
                <failure>
                  <message><![CDATA[  Expected: String containing "active_hero_limit"
  But was:  "GuildIdle - Buildings Configs / SettlementStages column 'stage_id' value 'stage_2': stage_2 is required."
]]></message>
                  <stack-trace><![CDATA[at GuildIdle.Editor.ConfigDownloader.ConfigCrossConfigValidatorTests.Validate_BuildingHallActiveHeroLimitRules () [0x000e3] in E:\repo\GuildIdle\Assets\Scripts\Editor\ConfigDownloader\ConfigCrossConfigValidatorTests.cs:208
]]></stack-trace>
                </failure>
              </test-case>
              <test-case id="1066" name="Validate_EnemyLootAllowsRuntimeCurrencyId" fullname="GuildIdle.Editor.ConfigDownloader.ConfigCrossConfigValidatorTests.Validate_EnemyLootAllowsRuntimeCurrencyId" methodname="Validate_EnemyLootAllowsRuntimeCurrencyId" classname="GuildIdle.Editor.ConfigDownloader.ConfigCrossConfigValidatorTests" runstate="Runnable" seed="918443392" result="Failed" start-time="2026-07-14 09:55:36Z" end-time="2026-07-14 09:55:36Z" duration="0.003493" asserts="0">
                <properties>
                  <property name="retryIteration" value="0" />
                  <property name="repeatIteration" value="0" />
                </properties>
                <failure>
                  <message><![CDATA[  GuildIdle - Enemies Configs / EnemyGroups row 2 column 'enemy_ref' value 'enemy_rat': enemy_ref references missing Enemies.enemy_id.
GuildIdle - Enemies Configs / EnemyGroups row 2 column 'enemy_ref' value 'enemy_rat:1': enemy_ref references missing EnemyLevels.level.
Warning: Cross-config validation skipped: Localisation registry is not available yet.
Warning: Cross-config validation skipped: Activity Configs / Rarities registry is not available yet.
Warning: Cross-config validation skipped: Buildings Configs registry is not available yet.
Warning: Cross-config validation skipped: Activity Configs / Skills registry is not available yet.
  Expected: True
  But was:  False
]]></message>
                  <stack-trace><![CDATA[at GuildIdle.Editor.ConfigDownloader.ConfigCrossConfigValidatorTests.Validate_EnemyLootAllowsRuntimeCurrencyId () [0x0005c] in E:\repo\GuildIdle\Assets\Scripts\Editor\ConfigDownloader\ConfigCrossConfigValidatorTests.cs:262
]]></stack-trace>
                </failure>
              </test-case>
              <test-case id="1064" name="Validate_EnemyLootGoldIdUsesCurrencyRegistry" fullname="GuildIdle.Editor.ConfigDownloader.ConfigCrossConfigValidatorTests.Validate_EnemyLootGoldIdUsesCurrencyRegistry" methodname="Validate_EnemyLootGoldIdUsesCurrencyRegistry" classname="GuildIdle.Editor.ConfigDownloader.ConfigCrossConfigValidatorTests" runstate="Runnable" seed="477277173" result="Failed" start-time="2026-07-14 09:55:36Z" end-time="2026-07-14 09:55:36Z" duration="0.004324" asserts="0">
                <properties>
                  <property name="retryIteration" value="0" />
                  <property name="repeatIteration" value="0" />
                </properties>
                <failure>
                  <message><![CDATA[  GuildIdle - Enemies Configs / EnemyGroups row 2 column 'enemy_ref' value 'enemy_rat': enemy_ref references missing Enemies.enemy_id.
GuildIdle - Enemies Configs / EnemyGroups row 2 column 'enemy_ref' value 'enemy_rat:1': enemy_ref references missing EnemyLevels.level.
Warning: Cross-config validation skipped: Activity Configs / Rarities registry is not available yet.
Warning: Cross-config validation skipped: Buildings Configs registry is not available yet.
Warning: Cross-config validation skipped: Activity Configs / Skills registry is not available yet.
  Expected: True
  But was:  False
]]></message>
                  <stack-trace><![CDATA[at GuildIdle.Editor.ConfigDownloader.ConfigCrossConfigValidatorTests.Validate_EnemyLootGoldIdUsesCurrencyRegistry () [0x00095] in E:\repo\GuildIdle\Assets\Scripts\Editor\ConfigDownloader\ConfigCrossConfigValidatorTests.cs:222
]]></stack-trace>
                </failure>
              </test-case>
              <test-case id="1067" name="Validate_EnemyLootReportsMissingItemReference" fullname="GuildIdle.Editor.ConfigDownloader.ConfigCrossConfigValidatorTests.Validate_EnemyLootReportsMissingItemReference" methodname="Validate_EnemyLootReportsMissingItemReference" classname="GuildIdle.Editor.ConfigDownloader.ConfigCrossConfigValidatorTests" runstate="Runnable" seed="652444282" result="Passed" start-time="2026-07-14 09:55:36Z" end-time="2026-07-14 09:55:36Z" duration="0.009829" asserts="0">
                <properties>
                  <property name="retryIteration" value="0" />
                  <property name="repeatIteration" value="0" />
                </properties>
              </test-case>
              <test-case id="1068" name="Validate_GoldIdIsForbiddenAsStorageItem" fullname="GuildIdle.Editor.ConfigDownloader.ConfigCrossConfigValidatorTests.Validate_GoldIdIsForbiddenAsStorageItem" methodname="Validate_GoldIdIsForbiddenAsStorageItem" classname="GuildIdle.Editor.ConfigDownloader.ConfigCrossConfigValidatorTests" runstate="Runnable" seed="1772901562" result="Passed" start-time="2026-07-14 09:55:36Z" end-time="2026-07-14 09:55:36Z" duration="0.002250" asserts="0">
                <properties>
                  <property name="retryIteration" value="0" />
                  <property name="repeatIteration" value="0" />
                </properties>
              </test-case>
              <test-case id="1058" name="Validate_HeroUniqueSkillNameIdUsesLocalisationRegistry" fullname="GuildIdle.Editor.ConfigDownloader.ConfigCrossConfigValidatorTests.Validate_HeroUniqueSkillNameIdUsesLocalisationRegistry" methodname="Validate_HeroUniqueSkillNameIdUsesLocalisationRegistry" classname="GuildIdle.Editor.ConfigDownloader.ConfigCrossConfigValidatorTests" runstate="Runnable" seed="565236722" result="Passed" start-time="2026-07-14 09:55:36Z" end-time="2026-07-14 09:55:36Z" duration="0.010348" asserts="0">
                <properties>
                  <property name="retryIteration" value="0" />
                  <property name="repeatIteration" value="0" />
                </properties>
              </test-case>
              <test-case id="1069" name="Validate_ItemGoldIsAlwaysError" fullname="GuildIdle.Editor.ConfigDownloader.ConfigCrossConfigValidatorTests.Validate_ItemGoldIsAlwaysError" methodname="Validate_ItemGoldIsAlwaysError" classname="GuildIdle.Editor.ConfigDownloader.ConfigCrossConfigValidatorTests" runstate="Runnable" seed="1482576216" result="Passed" start-time="2026-07-14 09:55:36Z" end-time="2026-07-14 09:55:36Z" duration="0.001976" asserts="0">
                <properties>
                  <property name="retryIteration" value="0" />
                  <property name="repeatIteration" value="0" />
                </properties>
              </test-case>
              <test-case id="1065" name="Validate_ItemsRegistryUsesRuntimeArrays" fullname="GuildIdle.Editor.ConfigDownloader.ConfigCrossConfigValidatorTests.Validate_ItemsRegistryUsesRuntimeArrays" methodname="Validate_ItemsRegistryUsesRuntimeArrays" classname="GuildIdle.Editor.ConfigDownloader.ConfigCrossConfigValidatorTests" runstate="Runnable" seed="1268348967" result="Passed" start-time="2026-07-14 09:55:36Z" end-time="2026-07-14 09:55:36Z" duration="0.008248" asserts="0">
                <properties>
                  <property name="retryIteration" value="0" />
                  <property name="repeatIteration" value="0" />
                </properties>
              </test-case>
              <test-case id="1079" name="Validate_QuestStartConditionsRejectNewGameTargetUnknownTypeAndDisabledStageTarget" fullname="GuildIdle.Editor.ConfigDownloader.ConfigCrossConfigValidatorTests.Validate_QuestStartConditionsRejectNewGameTargetUnknownTypeAndDisabledStageTarget" methodname="Validate_QuestStartConditionsRejectNewGameTargetUnknownTypeAndDisabledStageTarget" classname="GuildIdle.Editor.ConfigDownloader.ConfigCrossConfigValidatorTests" runstate="Runnable" seed="590291697" result="Passed" start-time="2026-07-14 09:55:36Z" end-time="2026-07-14 09:55:36Z" duration="0.009053" asserts="0">
                <properties>
                  <property name="retryIteration" value="0" />
                  <property name="repeatIteration" value="0" />
                </properties>
              </test-case>
              <test-suite type="ParameterizedMethod" id="1078" name="Validate_QuestStartConditionsRequireTargetId" fullname="GuildIdle.Editor.ConfigDownloader.ConfigCrossConfigValidatorTests.Validate_QuestStartConditionsRequireTargetId" classname="GuildIdle.Editor.ConfigDownloader.ConfigCrossConfigValidatorTests" runstate="Runnable" testcasecount="4" result="Passed" start-time="2026-07-14 09:55:36Z" end-time="2026-07-14 09:55:36Z" duration="0.019933" total="4" passed="4" failed="0" inconclusive="0" skipped="0" asserts="0">
                <properties />
                <test-case id="1074" name="Validate_QuestStartConditionsRequireTargetId(&quot;ActivityFailed&quot;)" fullname="GuildIdle.Editor.ConfigDownloader.ConfigCrossConfigValidatorTests.Validate_QuestStartConditionsRequireTargetId(&quot;ActivityFailed&quot;)" methodname="Validate_QuestStartConditionsRequireTargetId" classname="GuildIdle.Editor.ConfigDownloader.ConfigCrossConfigValidatorTests" runstate="Runnable" seed="584844966" result="Passed" start-time="2026-07-14 09:55:36Z" end-time="2026-07-14 09:55:36Z" duration="0.003618" asserts="0">
                  <properties>
                    <property name="retryIteration" value="0" />
                    <property name="repeatIteration" value="0" />
                  </properties>
                </test-case>
                <test-case id="1075" name="Validate_QuestStartConditionsRequireTargetId(&quot;ActivityCompleted&quot;)" fullname="GuildIdle.Editor.ConfigDownloader.ConfigCrossConfigValidatorTests.Validate_QuestStartConditionsRequireTargetId(&quot;ActivityCompleted&quot;)" methodname="Validate_QuestStartConditionsRequireTargetId" classname="GuildIdle.Editor.ConfigDownloader.ConfigCrossConfigValidatorTests" runstate="Runnable" seed="78818372" result="Passed" start-time="2026-07-14 09:55:36Z" end-time="2026-07-14 09:55:36Z" duration="0.003264" asserts="0">
                  <properties>
                    <property name="retryIteration" value="0" />
                    <property name="repeatIteration" value="0" />
                  </properties>
                </test-case>
                <test-case id="1076" name="Validate_QuestStartConditionsRequireTargetId(&quot;StageEntered&quot;)" fullname="GuildIdle.Editor.ConfigDownloader.ConfigCrossConfigValidatorTests.Validate_QuestStartConditionsRequireTargetId(&quot;StageEntered&quot;)" methodname="Validate_QuestStartConditionsRequireTargetId" classname="GuildIdle.Editor.ConfigDownloader.ConfigCrossConfigValidatorTests" runstate="Runnable" seed="1472971591" result="Passed" start-time="2026-07-14 09:55:36Z" end-time="2026-07-14 09:55:36Z" duration="0.003781" asserts="0">
                  <properties>
                    <property name="retryIteration" value="0" />
                    <property name="repeatIteration" value="0" />
                  </properties>
                </test-case>
                <test-case id="1077" name="Validate_QuestStartConditionsRequireTargetId(&quot;BuildingLevel&quot;)" fullname="GuildIdle.Editor.ConfigDownloader.ConfigCrossConfigValidatorTests.Validate_QuestStartConditionsRequireTargetId(&quot;BuildingLevel&quot;)" methodname="Validate_QuestStartConditionsRequireTargetId" classname="GuildIdle.Editor.ConfigDownloader.ConfigCrossConfigValidatorTests" runstate="Runnable" seed="415408669" result="Passed" start-time="2026-07-14 09:55:36Z" end-time="2026-07-14 09:55:36Z" duration="0.003170" asserts="0">
                  <properties>
                    <property name="retryIteration" value="0" />
                    <property name="repeatIteration" value="0" />
                  </properties>
                </test-case>
              </test-suite>
              <test-case id="1072" name="Validate_StageQuestReferencesRejectDisabledQuestAndStage" fullname="GuildIdle.Editor.ConfigDownloader.ConfigCrossConfigValidatorTests.Validate_StageQuestReferencesRejectDisabledQuestAndStage" methodname="Validate_StageQuestReferencesRejectDisabledQuestAndStage" classname="GuildIdle.Editor.ConfigDownloader.ConfigCrossConfigValidatorTests" runstate="Runnable" seed="299768891" result="Passed" start-time="2026-07-14 09:55:36Z" end-time="2026-07-14 09:55:36Z" duration="0.004645" asserts="0">
                <properties>
                  <property name="retryIteration" value="0" />
                  <property name="repeatIteration" value="0" />
                </properties>
              </test-case>
              <test-case id="1071" name="Validate_StageQuestReferencesReportMissingQuestWeightAndStage2Content" fullname="GuildIdle.Editor.ConfigDownloader.ConfigCrossConfigValidatorTests.Validate_StageQuestReferencesReportMissingQuestWeightAndStage2Content" methodname="Validate_StageQuestReferencesReportMissingQuestWeightAndStage2Content" classname="GuildIdle.Editor.ConfigDownloader.ConfigCrossConfigValidatorTests" runstate="Runnable" seed="1172892776" result="Passed" start-time="2026-07-14 09:55:36Z" end-time="2026-07-14 09:55:36Z" duration="0.005265" asserts="0">
                <properties>
                  <property name="retryIteration" value="0" />
                  <property name="repeatIteration" value="0" />
                </properties>
              </test-case>
              <test-case id="1070" name="Validate_StageQuestReferencesSucceed" fullname="GuildIdle.Editor.ConfigDownloader.ConfigCrossConfigValidatorTests.Validate_StageQuestReferencesSucceed" methodname="Validate_StageQuestReferencesSucceed" classname="GuildIdle.Editor.ConfigDownloader.ConfigCrossConfigValidatorTests" runstate="Runnable" seed="1625645815" result="Passed" start-time="2026-07-14 09:55:36Z" end-time="2026-07-14 09:55:36Z" duration="0.004296" asserts="0">
                <properties>
                  <property name="retryIteration" value="0" />
                  <property name="repeatIteration" value="0" />
                </properties>
              </test-case>
              <test-case id="1073" name="Validate_StageRowsRejectDisabledNextStage" fullname="GuildIdle.Editor.ConfigDownloader.ConfigCrossConfigValidatorTests.Validate_StageRowsRejectDisabledNextStage" methodname="Validate_StageRowsRejectDisabledNextStage" classname="GuildIdle.Editor.ConfigDownloader.ConfigCrossConfigValidatorTests" runstate="Runnable" seed="994879764" result="Passed" start-time="2026-07-14 09:55:36Z" end-time="2026-07-14 09:55:36Z" duration="0.004436" asserts="0">
                <properties>
                  <property name="retryIteration" value="0" />
                  <property name="repeatIteration" value="0" />
                </properties>
              </test-case>
              <test-case id="1059" name="Validate_StorageBuildingsUsesBuildingsRegistry" fullname="GuildIdle.Editor.ConfigDownloader.ConfigCrossConfigValidatorTests.Validate_StorageBuildingsUsesBuildingsRegistry" methodname="Validate_StorageBuildingsUsesBuildingsRegistry" classname="GuildIdle.Editor.ConfigDownloader.ConfigCrossConfigValidatorTests" runstate="Runnable" seed="690059759" result="Failed" start-time="2026-07-14 09:55:36Z" end-time="2026-07-14 09:55:36Z" duration="0.003626" asserts="0">
                <properties>
                  <property name="retryIteration" value="0" />
                  <property name="repeatIteration" value="0" />
                </properties>
                <failure>
                  <message><![CDATA[  GuildIdle - Buildings Configs / SettlementStages column 'stage_id' value 'stage_2': stage_2 is required.
  Expected: True
  But was:  False
]]></message>
                  <stack-trace><![CDATA[at GuildIdle.Editor.ConfigDownloader.ConfigCrossConfigValidatorTests.Validate_StorageBuildingsUsesBuildingsRegistry () [0x0009f] in E:\repo\GuildIdle\Assets\Scripts\Editor\ConfigDownloader\ConfigCrossConfigValidatorTests.cs:115
]]></stack-trace>
                </failure>
              </test-case>
              <test-case id="1057" name="Validate_StorageItemStateNameIdSkipsWhenLocalisationMissing" fullname="GuildIdle.Editor.ConfigDownloader.ConfigCrossConfigValidatorTests.Validate_StorageItemStateNameIdSkipsWhenLocalisationMissing" methodname="Validate_StorageItemStateNameIdSkipsWhenLocalisationMissing" classname="GuildIdle.Editor.ConfigDownloader.ConfigCrossConfigValidatorTests" runstate="Runnable" seed="43618448" result="Passed" start-time="2026-07-14 09:55:36Z" end-time="2026-07-14 09:55:36Z" duration="0.002102" asserts="0">
                <properties>
                  <property name="retryIteration" value="0" />
                  <property name="repeatIteration" value="0" />
                </properties>
              </test-case>
              <test-case id="1056" name="Validate_StorageItemStateNameIdUsesLocalisationRegistry" fullname="GuildIdle.Editor.ConfigDownloader.ConfigCrossConfigValidatorTests.Validate_StorageItemStateNameIdUsesLocalisationRegistry" methodname="Validate_StorageItemStateNameIdUsesLocalisationRegistry" classname="GuildIdle.Editor.ConfigDownloader.ConfigCrossConfigValidatorTests" runstate="Runnable" seed="1113601452" result="Passed" start-time="2026-07-14 09:55:36Z" end-time="2026-07-14 09:55:36Z" duration="0.002412" asserts="0">
                <properties>
                  <property name="retryIteration" value="0" />
                  <property name="repeatIteration" value="0" />
                </properties>
              </test-case>
            </test-suite>
            <test-suite type="TestFixture" id="1081" name="EnemiesConfigsParserTests" fullname="GuildIdle.Editor.ConfigDownloader.EnemiesConfigsParserTests" classname="GuildIdle.Editor.ConfigDownloader.EnemiesConfigsParserTests" runstate="Runnable" testcasecount="9" result="Passed" start-time="2026-07-14 09:55:36Z" end-time="2026-07-14 09:55:36Z" duration="0.561560" total="9" passed="9" failed="0" inconclusive="0" skipped="0" asserts="0">
              <properties />
              <test-case id="1083" name="BuildRuntimeJson_ExportsCombatAbilityIdsAsArray" fullname="GuildIdle.Editor.ConfigDownloader.EnemiesConfigsParserTests.BuildRuntimeJson_ExportsCombatAbilityIdsAsArray" methodname="BuildRuntimeJson_ExportsCombatAbilityIdsAsArray" classname="GuildIdle.Editor.ConfigDownloader.EnemiesConfigsParserTests" runstate="Runnable" seed="1419119376" result="Passed" start-time="2026-07-14 09:55:36Z" end-time="2026-07-14 09:55:36Z" duration="0.009715" asserts="0">
                <properties>
                  <property name="retryIteration" value="0" />
                  <property name="repeatIteration" value="0" />
                </properties>
              </test-case>
              <test-case id="1086" name="BuildRuntimeJson_ReportsBadEnemyRefAndReferences" fullname="GuildIdle.Editor.ConfigDownloader.EnemiesConfigsParserTests.BuildRuntimeJson_ReportsBadEnemyRefAndReferences" methodname="BuildRuntimeJson_ReportsBadEnemyRefAndReferences" classname="GuildIdle.Editor.ConfigDownloader.EnemiesConfigsParserTests" runstate="Runnable" seed="800354370" result="Passed" start-time="2026-07-14 09:55:36Z" end-time="2026-07-14 09:55:36Z" duration="0.003349" asserts="0">
                <properties>
                  <property name="retryIteration" value="0" />
                  <property name="repeatIteration" value="0" />
                </properties>
              </test-case>
              <test-case id="1085" name="BuildRuntimeJson_ReportsDuplicateIdsAndEnumPairs" fullname="GuildIdle.Editor.ConfigDownloader.EnemiesConfigsParserTests.BuildRuntimeJson_ReportsDuplicateIdsAndEnumPairs" methodname="BuildRuntimeJson_ReportsDuplicateIdsAndEnumPairs" classname="GuildIdle.Editor.ConfigDownloader.EnemiesConfigsParserTests" runstate="Runnable" seed="462266947" result="Passed" start-time="2026-07-14 09:55:36Z" end-time="2026-07-14 09:55:36Z" duration="0.008898" asserts="0">
                <properties>
                  <property name="retryIteration" value="0" />
                  <property name="repeatIteration" value="0" />
                </properties>
              </test-case>
              <test-case id="1087" name="BuildRuntimeJson_ReportsInvalidRangesChanceEnumAndNumbers" fullname="GuildIdle.Editor.ConfigDownloader.EnemiesConfigsParserTests.BuildRuntimeJson_ReportsInvalidRangesChanceEnumAndNumbers" methodname="BuildRuntimeJson_ReportsInvalidRangesChanceEnumAndNumbers" classname="GuildIdle.Editor.ConfigDownloader.EnemiesConfigsParserTests" runstate="Runnable" seed="1880380246" result="Passed" start-time="2026-07-14 09:55:36Z" end-time="2026-07-14 09:55:36Z" duration="0.003013" asserts="0">
                <properties>
                  <property name="retryIteration" value="0" />
                  <property name="repeatIteration" value="0" />
                </properties>
              </test-case>
              <test-case id="1084" name="BuildRuntimeJson_ReportsMissingSheetAndColumn" fullname="GuildIdle.Editor.ConfigDownloader.EnemiesConfigsParserTests.BuildRuntimeJson_ReportsMissingSheetAndColumn" methodname="BuildRuntimeJson_ReportsMissingSheetAndColumn" classname="GuildIdle.Editor.ConfigDownloader.EnemiesConfigsParserTests" runstate="Runnable" seed="759185653" result="Passed" start-time="2026-07-14 09:55:36Z" end-time="2026-07-14 09:55:36Z" duration="0.002915" asserts="0">
                <properties>
                  <property name="retryIteration" value="0" />
                  <property name="repeatIteration" value="0" />
                </properties>
              </test-case>
              <test-case id="1082" name="BuildRuntimeJson_UsesHeadersAndExcludesReadmeNotesAndRawCells" fullname="GuildIdle.Editor.ConfigDownloader.EnemiesConfigsParserTests.BuildRuntimeJson_UsesHeadersAndExcludesReadmeNotesAndRawCells" methodname="BuildRuntimeJson_UsesHeadersAndExcludesReadmeNotesAndRawCells" classname="GuildIdle.Editor.ConfigDownloader.EnemiesConfigsParserTests" runstate="Runnable" seed="415172061" result="Passed" start-time="2026-07-14 09:55:36Z" end-time="2026-07-14 09:55:36Z" duration="0.004216" asserts="0">
                <properties>
                  <property name="retryIteration" value="0" />
                  <property name="repeatIteration" value="0" />
                </properties>
              </test-case>
              <test-case id="1090" name="CrossConfigValidator_ReportsMissingActivityEnemyGroupReference" fullname="GuildIdle.Editor.ConfigDownloader.EnemiesConfigsParserTests.CrossConfigValidator_ReportsMissingActivityEnemyGroupReference" methodname="CrossConfigValidator_ReportsMissingActivityEnemyGroupReference" classname="GuildIdle.Editor.ConfigDownloader.EnemiesConfigsParserTests" runstate="Runnable" seed="1536320087" result="Passed" start-time="2026-07-14 09:55:36Z" end-time="2026-07-14 09:55:36Z" duration="0.002902" asserts="0">
                <properties>
                  <property name="retryIteration" value="0" />
                  <property name="repeatIteration" value="0" />
                </properties>
              </test-case>
              <test-case id="1088" name="ParseAndWrite_DoesNotOverwriteExistingRuntimeWhenValidationFails" fullname="GuildIdle.Editor.ConfigDownloader.EnemiesConfigsParserTests.ParseAndWrite_DoesNotOverwriteExistingRuntimeWhenValidationFails" methodname="ParseAndWrite_DoesNotOverwriteExistingRuntimeWhenValidationFails" classname="GuildIdle.Editor.ConfigDownloader.EnemiesConfigsParserTests" runstate="Runnable" seed="1467891486" result="Passed" start-time="2026-07-14 09:55:36Z" end-time="2026-07-14 09:55:36Z" duration="0.004180" asserts="0">
                <properties>
                  <property name="retryIteration" value="0" />
                  <property name="repeatIteration" value="0" />
                </properties>
              </test-case>
              <test-case id="1089" name="ParseAndWrite_WritesRuntimeOnlyAfterSuccessfulValidation" fullname="GuildIdle.Editor.ConfigDownloader.EnemiesConfigsParserTests.ParseAndWrite_WritesRuntimeOnlyAfterSuccessfulValidation" methodname="ParseAndWrite_WritesRuntimeOnlyAfterSuccessfulValidation" classname="GuildIdle.Editor.ConfigDownloader.EnemiesConfigsParserTests" runstate="Runnable" seed="739392990" result="Passed" start-time="2026-07-14 09:55:36Z" end-time="2026-07-14 09:55:36Z" duration="0.514585" asserts="0">
                <properties>
                  <property name="retryIteration" value="0" />
                  <property name="repeatIteration" value="0" />
                </properties>
              </test-case>
            </test-suite>
            <test-suite type="TestFixture" id="1091" name="FormulaConfigsParserTests" fullname="GuildIdle.Editor.ConfigDownloader.FormulaConfigsParserTests" classname="GuildIdle.Editor.ConfigDownloader.FormulaConfigsParserTests" runstate="Runnable" testcasecount="7" result="Passed" start-time="2026-07-14 09:55:36Z" end-time="2026-07-14 09:55:37Z" duration="0.535545" total="7" passed="7" failed="0" inconclusive="0" skipped="0" asserts="0">
              <properties />
              <test-case id="1092" name="BuildRuntimeJson_ExportsStableArraysAndIgnoresDesignerColumns" fullname="GuildIdle.Editor.ConfigDownloader.FormulaConfigsParserTests.BuildRuntimeJson_ExportsStableArraysAndIgnoresDesignerColumns" methodname="BuildRuntimeJson_ExportsStableArraysAndIgnoresDesignerColumns" classname="GuildIdle.Editor.ConfigDownloader.FormulaConfigsParserTests" runstate="Runnable" seed="180157991" result="Passed" start-time="2026-07-14 09:55:36Z" end-time="2026-07-14 09:55:36Z" duration="0.002630" asserts="0">
                <properties>
                  <property name="retryIteration" value="0" />
                  <property name="repeatIteration" value="0" />
                </properties>
              </test-case>
              <test-case id="1093" name="BuildRuntimeJson_ParsesDecimalCommaAndDecimalDotAsNumbers" fullname="GuildIdle.Editor.ConfigDownloader.FormulaConfigsParserTests.BuildRuntimeJson_ParsesDecimalCommaAndDecimalDotAsNumbers" methodname="BuildRuntimeJson_ParsesDecimalCommaAndDecimalDotAsNumbers" classname="GuildIdle.Editor.ConfigDownloader.FormulaConfigsParserTests" runstate="Runnable" seed="1423291254" result="Passed" start-time="2026-07-14 09:55:36Z" end-time="2026-07-14 09:55:36Z" duration="0.002556" asserts="0">
                <properties>
                  <property name="retryIteration" value="0" />
                  <property name="repeatIteration" value="0" />
                </properties>
              </test-case>
              <test-case id="1094" name="BuildRuntimeJson_ReportsFormulaTypeSpecificRequiredFields" fullname="GuildIdle.Editor.ConfigDownloader.FormulaConfigsParserTests.BuildRuntimeJson_ReportsFormulaTypeSpecificRequiredFields" methodname="BuildRuntimeJson_ReportsFormulaTypeSpecificRequiredFields" classname="GuildIdle.Editor.ConfigDownloader.FormulaConfigsParserTests" runstate="Runnable" seed="910770969" result="Passed" start-time="2026-07-14 09:55:36Z" end-time="2026-07-14 09:55:36Z" duration="0.001980" asserts="0">
                <properties>
                  <property name="retryIteration" value="0" />
                  <property name="repeatIteration" value="0" />
                </properties>
              </test-case>
              <test-case id="1096" name="BuildRuntimeJson_ReportsSkillWeightValidationErrors" fullname="GuildIdle.Editor.ConfigDownloader.FormulaConfigsParserTests.BuildRuntimeJson_ReportsSkillWeightValidationErrors" methodname="BuildRuntimeJson_ReportsSkillWeightValidationErrors" classname="GuildIdle.Editor.ConfigDownloader.FormulaConfigsParserTests" runstate="Runnable" seed="1013678042" result="Passed" start-time="2026-07-14 09:55:36Z" end-time="2026-07-14 09:55:36Z" duration="0.007323" asserts="0">
                <properties>
                  <property name="retryIteration" value="0" />
                  <property name="repeatIteration" value="0" />
                </properties>
              </test-case>
              <test-case id="1095" name="BuildRuntimeJson_WarnsWhenEnabledProfileWeightSumIsNotOne" fullname="GuildIdle.Editor.ConfigDownloader.FormulaConfigsParserTests.BuildRuntimeJson_WarnsWhenEnabledProfileWeightSumIsNotOne" methodname="BuildRuntimeJson_WarnsWhenEnabledProfileWeightSumIsNotOne" classname="GuildIdle.Editor.ConfigDownloader.FormulaConfigsParserTests" runstate="Runnable" seed="36712346" result="Passed" start-time="2026-07-14 09:55:36Z" end-time="2026-07-14 09:55:36Z" duration="0.002347" asserts="0">
                <properties>
                  <property name="retryIteration" value="0" />
                  <property name="repeatIteration" value="0" />
                </properties>
              </test-case>
              <test-case id="1097" name="ParseAndWrite_DoesNotOverwriteExistingRuntimeWhenValidationFails" fullname="GuildIdle.Editor.ConfigDownloader.FormulaConfigsParserTests.ParseAndWrite_DoesNotOverwriteExistingRuntimeWhenValidationFails" methodname="ParseAndWrite_DoesNotOverwriteExistingRuntimeWhenValidationFails" classname="GuildIdle.Editor.ConfigDownloader.FormulaConfigsParserTests" runstate="Runnable" seed="711179924" result="Passed" start-time="2026-07-14 09:55:36Z" end-time="2026-07-14 09:55:36Z" duration="0.002392" asserts="0">
                <properties>
                  <property name="retryIteration" value="0" />
                  <property name="repeatIteration" value="0" />
                </properties>
              </test-case>
              <test-case id="1098" name="ParseAndWrite_WritesRuntimeOnlyAfterSuccessfulValidation" fullname="GuildIdle.Editor.ConfigDownloader.FormulaConfigsParserTests.ParseAndWrite_WritesRuntimeOnlyAfterSuccessfulValidation" methodname="ParseAndWrite_WritesRuntimeOnlyAfterSuccessfulValidation" classname="GuildIdle.Editor.ConfigDownloader.FormulaConfigsParserTests" runstate="Runnable" seed="963831697" result="Passed" start-time="2026-07-14 09:55:36Z" end-time="2026-07-14 09:55:37Z" duration="0.498552" asserts="0">
                <properties>
                  <property name="retryIteration" value="0" />
                  <property name="repeatIteration" value="0" />
                </properties>
              </test-case>
            </test-suite>
[...]
              <test-case id="1156" name="BuildRuntimeJson_ReportsDuplicateIdsAndEnumPairs" fullname="GuildIdle.Editor.ConfigDownloader.StorageConfigsParserTests.BuildRuntimeJson_ReportsDuplicateIdsAndEnumPairs" methodname="BuildRuntimeJson_ReportsDuplicateIdsAndEnumPairs" classname="GuildIdle.Editor.ConfigDownloader.StorageConfigsParserTests" runstate="Runnable" seed="296088129" result="Passed" start-time="2026-07-14 09:55:40Z" end-time="2026-07-14 09:55:40Z" duration="0.008807" asserts="0">
                <properties>
                  <property name="retryIteration" value="0" />
                  <property name="repeatIteration" value="0" />
                </properties>
              </test-case>
              <test-case id="1157" name="BuildRuntimeJson_ReportsEnumBoolAndNumberErrors" fullname="GuildIdle.Editor.ConfigDownloader.StorageConfigsParserTests.BuildRuntimeJson_ReportsEnumBoolAndNumberErrors" methodname="BuildRuntimeJson_ReportsEnumBoolAndNumberErrors" classname="GuildIdle.Editor.ConfigDownloader.StorageConfigsParserTests" runstate="Runnable" seed="489577716" result="Passed" start-time="2026-07-14 09:55:40Z" end-time="2026-07-14 09:55:40Z" duration="0.003031" asserts="0">
                <properties>
                  <property name="retryIteration" value="0" />
                  <property name="repeatIteration" value="0" />
                </properties>
              </test-case>
              <test-case id="1160" name="BuildRuntimeJson_ReportsItemStateRules" fullname="GuildIdle.Editor.ConfigDownloader.StorageConfigsParserTests.BuildRuntimeJson_ReportsItemStateRules" methodname="BuildRuntimeJson_ReportsItemStateRules" classname="GuildIdle.Editor.ConfigDownloader.StorageConfigsParserTests" runstate="Runnable" seed="1779519292" result="Passed" start-time="2026-07-14 09:55:40Z" end-time="2026-07-14 09:55:40Z" duration="0.002849" asserts="0">
                <properties>
                  <property name="retryIteration" value="0" />
                  <property name="repeatIteration" value="0" />
                </properties>
              </test-case>
              <test-case id="1161" name="BuildRuntimeJson_ReportsMissingOnStorageState" fullname="GuildIdle.Editor.ConfigDownloader.StorageConfigsParserTests.BuildRuntimeJson_ReportsMissingOnStorageState" methodname="BuildRuntimeJson_ReportsMissingOnStorageState" classname="GuildIdle.Editor.ConfigDownloader.StorageConfigsParserTests" runstate="Runnable" seed="1022093363" result="Passed" start-time="2026-07-14 09:55:40Z" end-time="2026-07-14 09:55:40Z" duration="0.002913" asserts="0">
                <properties>
                  <property name="retryIteration" value="0" />
                  <property name="repeatIteration" value="0" />
                </properties>
              </test-case>
              <test-case id="1155" name="BuildRuntimeJson_ReportsMissingSheetAndColumn" fullname="GuildIdle.Editor.ConfigDownloader.StorageConfigsParserTests.BuildRuntimeJson_ReportsMissingSheetAndColumn" methodname="BuildRuntimeJson_ReportsMissingSheetAndColumn" classname="GuildIdle.Editor.ConfigDownloader.StorageConfigsParserTests" runstate="Runnable" seed="1600689232" result="Passed" start-time="2026-07-14 09:55:40Z" end-time="2026-07-14 09:55:40Z" duration="0.003304" asserts="0">
                <properties>
                  <property name="retryIteration" value="0" />
                  <property name="repeatIteration" value="0" />
                </properties>
              </test-case>
              <test-case id="1159" name="BuildRuntimeJson_ReportsStorageBuildingRanges" fullname="GuildIdle.Editor.ConfigDownloader.StorageConfigsParserTests.BuildRuntimeJson_ReportsStorageBuildingRanges" methodname="BuildRuntimeJson_ReportsStorageBuildingRanges" classname="GuildIdle.Editor.ConfigDownloader.StorageConfigsParserTests" runstate="Runnable" seed="1498067700" result="Passed" start-time="2026-07-14 09:55:40Z" end-time="2026-07-14 09:55:40Z" duration="0.003133" asserts="0">
                <properties>
                  <property name="retryIteration" value="0" />
                  <property name="repeatIteration" value="0" />
                </properties>
              </test-case>
              <test-case id="1158" name="BuildRuntimeJson_ReportsStorageRuleBusinessRules" fullname="GuildIdle.Editor.ConfigDownloader.StorageConfigsParserTests.BuildRuntimeJson_ReportsStorageRuleBusinessRules" methodname="BuildRuntimeJson_ReportsStorageRuleBusinessRules" classname="GuildIdle.Editor.ConfigDownloader.StorageConfigsParserTests" runstate="Runnable" seed="561875978" result="Passed" start-time="2026-07-14 09:55:40Z" end-time="2026-07-14 09:55:40Z" duration="0.003011" asserts="0">
                <properties>
                  <property name="retryIteration" value="0" />
                  <property name="repeatIteration" value="0" />
                </properties>
              </test-case>
              <test-case id="1153" name="BuildRuntimeJson_UsesHeadersAndExcludesReadmeNotesAndRawCells" fullname="GuildIdle.Editor.ConfigDownloader.StorageConfigsParserTests.BuildRuntimeJson_UsesHeadersAndExcludesReadmeNotesAndRawCells" methodname="BuildRuntimeJson_UsesHeadersAndExcludesReadmeNotesAndRawCells" classname="GuildIdle.Editor.ConfigDownloader.StorageConfigsParserTests" runstate="Runnable" seed="1991998312" result="Passed" start-time="2026-07-14 09:55:40Z" end-time="2026-07-14 09:55:40Z" duration="0.003850" asserts="0">
                <properties>
                  <property name="retryIteration" value="0" />
                  <property name="repeatIteration" value="0" />
                </properties>
              </test-case>
              <test-case id="1164" name="ParseAndWrite_DoesNotOverwriteExistingRuntimeWhenValidationFails" fullname="GuildIdle.Editor.ConfigDownloader.StorageConfigsParserTests.ParseAndWrite_DoesNotOverwriteExistingRuntimeWhenValidationFails" methodname="ParseAndWrite_DoesNotOverwriteExistingRuntimeWhenValidationFails" classname="GuildIdle.Editor.ConfigDownloader.StorageConfigsParserTests" runstate="Runnable" seed="1565421129" result="Passed" start-time="2026-07-14 09:55:40Z" end-time="2026-07-14 09:55:40Z" duration="0.003442" asserts="0">
                <properties>
                  <property name="retryIteration" value="0" />
                  <property name="repeatIteration" value="0" />
                </properties>
              </test-case>
              <test-case id="1165" name="ParseAndWrite_WritesRuntimeOnlyAfterSuccessfulValidation" fullname="GuildIdle.Editor.ConfigDownloader.StorageConfigsParserTests.ParseAndWrite_WritesRuntimeOnlyAfterSuccessfulValidation" methodname="ParseAndWrite_WritesRuntimeOnlyAfterSuccessfulValidation" classname="GuildIdle.Editor.ConfigDownloader.StorageConfigsParserTests" runstate="Runnable" seed="696463097" result="Passed" start-time="2026-07-14 09:55:40Z" end-time="2026-07-14 09:55:41Z" duration="0.546562" asserts="0">
                <properties>
                  <property name="retryIteration" value="0" />
                  <property name="repeatIteration" value="0" />
                </properties>
              </test-case>
            </test-suite>
          </test-suite>
          <test-suite type="TestSuite" id="1189" name="Player" fullname="GuildIdle.Editor.Player" runstate="Runnable" testcasecount="17" result="Passed" start-time="2026-07-14 09:55:41Z" end-time="2026-07-14 09:55:41Z" duration="0.027032" total="17" passed="17" failed="0" inconclusive="0" skipped="0" asserts="0">
            <properties />
            <test-suite type="TestFixture" id="1001" name="PlayerLifecycleTests" fullname="GuildIdle.Editor.Player.PlayerLifecycleTests" classname="GuildIdle.Editor.Player.PlayerLifecycleTests" runstate="Runnable" testcasecount="3" result="Passed" start-time="2026-07-14 09:55:41Z" end-time="2026-07-14 09:55:41Z" duration="0.001727" total="3" passed="3" failed="0" inconclusive="0" skipped="0" asserts="0">
              <properties />
              <test-case id="1003" name="Bootstrap_SubscribesOnce_AndLoadsOnConfigLoad" fullname="GuildIdle.Editor.Player.PlayerLifecycleTests.Bootstrap_SubscribesOnce_AndLoadsOnConfigLoad" methodname="Bootstrap_SubscribesOnce_AndLoadsOnConfigLoad" classname="GuildIdle.Editor.Player.PlayerLifecycleTests" runstate="Runnable" seed="1983473259" result="Passed" start-time="2026-07-14 09:55:41Z" end-time="2026-07-14 09:55:41Z" duration="0.000386" asserts="0">
                <properties>
                  <property name="retryIteration" value="0" />
                  <property name="repeatIteration" value="0" />
                </properties>
              </test-case>
              <test-case id="1004" name="Load_CanBeCalledMultipleTimes_WithoutDuplicatingState" fullname="GuildIdle.Editor.Player.PlayerLifecycleTests.Load_CanBeCalledMultipleTimes_WithoutDuplicatingState" methodname="Load_CanBeCalledMultipleTimes_WithoutDuplicatingState" classname="GuildIdle.Editor.Player.PlayerLifecycleTests" runstate="Runnable" seed="1093672713" result="Passed" start-time="2026-07-14 09:55:41Z" end-time="2026-07-14 09:55:41Z" duration="0.000360" asserts="0">
                <properties>
                  <property name="retryIteration" value="0" />
                  <property name="repeatIteration" value="0" />
                </properties>
              </test-case>
              <test-case id="1002" name="LoadAfterConfigs_DoesNotReloadWhenStateAlreadyLoaded" fullname="GuildIdle.Editor.Player.PlayerLifecycleTests.LoadAfterConfigs_DoesNotReloadWhenStateAlreadyLoaded" methodname="LoadAfterConfigs_DoesNotReloadWhenStateAlreadyLoaded" classname="GuildIdle.Editor.Player.PlayerLifecycleTests" runstate="Runnable" seed="553901331" result="Passed" start-time="2026-07-14 09:55:41Z" end-time="2026-07-14 09:55:41Z" duration="0.000258" asserts="0">
                <properties>
                  <property name="retryIteration" value="0" />
                  <property name="repeatIteration" value="0" />
                </properties>
              </test-case>
            </test-suite>
            <test-suite type="TestFixture" id="1005" name="PlayerStateTests" fullname="GuildIdle.Editor.Player.PlayerStateTests" classname="GuildIdle.Editor.Player.PlayerStateTests" runstate="Runnable" testcasecount="14" result="Passed" start-time="2026-07-14 09:55:41Z" end-time="2026-07-14 09:55:41Z" duration="0.008910" total="14" passed="14" failed="0" inconclusive="0" skipped="0" asserts="0">
              <properties />
              <test-case id="1009" name="AddHero_DoesNotDuplicate" fullname="GuildIdle.Editor.Player.PlayerStateTests.AddHero_DoesNotDuplicate" methodname="AddHero_DoesNotDuplicate" classname="GuildIdle.Editor.Player.PlayerStateTests" runstate="Runnable" seed="1470181998" result="Passed" start-time="2026-07-14 09:55:41Z" end-time="2026-07-14 09:55:41Z" duration="0.000244" asserts="0">
                <properties>
                  <property name="retryIteration" value="0" />
                  <property name="repeatIteration" value="0" />
                </properties>
              </test-case>
              <test-case id="1011" name="BuildingClickability_UsesClickableRequirement" fullname="GuildIdle.Editor.Player.PlayerStateTests.BuildingClickability_UsesClickableRequirement" methodname="BuildingClickability_UsesClickableRequirement" classname="GuildIdle.Editor.Player.PlayerStateTests" runstate="Runnable" seed="1307083474" result="Passed" start-time="2026-07-14 09:55:41Z" end-time="2026-07-14 09:55:41Z" duration="0.000154" asserts="0">
                <properties>
                  <property name="retryIteration" value="0" />
                  <property name="repeatIteration" value="0" />
                </properties>
              </test-case>
              <test-case id="1010" name="BuildingLevel_RequiresUnlockedBuilding" fullname="GuildIdle.Editor.Player.PlayerStateTests.BuildingLevel_RequiresUnlockedBuilding" methodname="BuildingLevel_RequiresUnlockedBuilding" classname="GuildIdle.Editor.Player.PlayerStateTests" runstate="Runnable" seed="1404001989" result="Passed" start-time="2026-07-14 09:55:41Z" end-time="2026-07-14 09:55:41Z" duration="0.000149" asserts="0">
                <properties>
                  <property name="retryIteration" value="0" />
                  <property name="repeatIteration" value="0" />
                </properties>
              </test-case>
              <test-case id="1006" name="CreateDefault_AppliesStarterHeroAndEquipment" fullname="GuildIdle.Editor.Player.PlayerStateTests.CreateDefault_AppliesStarterHeroAndEquipment" methodname="CreateDefault_AppliesStarterHeroAndEquipment" classname="GuildIdle.Editor.Player.PlayerStateTests" runstate="Runnable" seed="303646053" result="Passed" start-time="2026-07-14 09:55:41Z" end-time="2026-07-14 09:55:41Z" duration="0.000195" asserts="0">
                <properties>
                  <property name="retryIteration" value="0" />
                  <property name="repeatIteration" value="0" />
                </properties>
              </test-case>
              <test-case id="1008" name="Currency_IsSeparateFromItems" fullname="GuildIdle.Editor.Player.PlayerStateTests.Currency_IsSeparateFromItems" methodname="Currency_IsSeparateFromItems" classname="GuildIdle.Editor.Player.PlayerStateTests" runstate="Runnable" seed="1921567534" result="Passed" start-time="2026-07-14 09:55:41Z" end-time="2026-07-14 09:55:41Z" duration="0.000166" asserts="0">
                <properties>
                  <property name="retryIteration" value="0" />
                  <property name="repeatIteration" value="0" />
                </properties>
              </test-case>
              <test-case id="1017" name="HeroBusy_IsIdempotentForSameExecutionAndRejectsDifferentExecution" fullname="GuildIdle.Editor.Player.PlayerStateTests.HeroBusy_IsIdempotentForSameExecutionAndRejectsDifferentExecution" methodname="HeroBusy_IsIdempotentForSameExecutionAndRejectsDifferentExecution" classname="GuildIdle.Editor.Player.PlayerStateTests" runstate="Runnable" seed="2021870294" result="Passed" start-time="2026-07-14 09:55:41Z" end-time="2026-07-14 09:55:41Z" duration="0.000142" asserts="0">
                <properties>
                  <property name="retryIteration" value="0" />
                  <property name="repeatIteration" value="0" />
                </properties>
              </test-case>
              <test-case id="1014" name="HeroState_SaveLoadRoundtripPreservesRuntimeState" fullname="GuildIdle.Editor.Player.PlayerStateTests.HeroState_SaveLoadRoundtripPreservesRuntimeState" methodname="HeroState_SaveLoadRoundtripPreservesRuntimeState" classname="GuildIdle.Editor.Player.PlayerStateTests" runstate="Runnable" seed="613470341" result="Passed" start-time="2026-07-14 09:55:41Z" end-time="2026-07-14 09:55:41Z" duration="0.000259" asserts="0">
                <properties>
                  <property name="retryIteration" value="0" />
                  <property name="repeatIteration" value="0" />
                </properties>
              </test-case>
              <test-case id="1007" name="Items_AddAndSpendWithoutGoingNegative" fullname="GuildIdle.Editor.Player.PlayerStateTests.Items_AddAndSpendWithoutGoingNegative" methodname="Items_AddAndSpendWithoutGoingNegative" classname="GuildIdle.Editor.Player.PlayerStateTests" runstate="Runnable" seed="298064108" result="Passed" start-time="2026-07-14 09:55:41Z" end-time="2026-07-14 09:55:41Z" duration="0.000136" asserts="0">
                <properties>
                  <property name="retryIteration" value="0" />
                  <property name="repeatIteration" value="0" />
                </properties>
              </test-case>
              <test-case id="1015" name="Load_V1SaveWithoutHeroStatesHydratesAcquiredHeroes" fullname="GuildIdle.Editor.Player.PlayerStateTests.Load_V1SaveWithoutHeroStatesHydratesAcquiredHeroes" methodname="Load_V1SaveWithoutHeroStatesHydratesAcquiredHeroes" classname="GuildIdle.Editor.Player.PlayerStateTests" runstate="Runnable" seed="615015179" result="Passed" start-time="2026-07-14 09:55:41Z" end-time="2026-07-14 09:55:41Z" duration="0.000142" asserts="0">
                <properties>
                  <property name="retryIteration" value="0" />
                  <property name="repeatIteration" value="0" />
                </properties>
              </test-case>
              <test-case id="1012" name="LocationAndActivity_CanBeUnlockedAndCompleted" fullname="GuildIdle.Editor.Player.PlayerStateTests.LocationAndActivity_CanBeUnlockedAndCompleted" methodname="LocationAndActivity_CanBeUnlockedAndCompleted" classname="GuildIdle.Editor.Player.PlayerStateTests" runstate="Runnable" seed="70104793" result="Passed" start-time="2026-07-14 09:55:41Z" end-time="2026-07-14 09:55:41Z" duration="0.000128" asserts="0">
                <properties>
                  <property name="retryIteration" value="0" />
                  <property name="repeatIteration" value="0" />
                </properties>
              </test-case>
              <test-case id="1019" name="SaveService_LoadCreatesDefaultPlayerPrefsJsonWhenMissing" fullname="GuildIdle.Editor.Player.PlayerStateTests.SaveService_LoadCreatesDefaultPlayerPrefsJsonWhenMissing" methodname="SaveService_LoadCreatesDefaultPlayerPrefsJsonWhenMissing" classname="GuildIdle.Editor.Player.PlayerStateTests" runstate="Runnable" seed="30110932" result="Passed" start-time="2026-07-14 09:55:41Z" end-time="2026-07-14 09:55:41Z" duration="0.000175" asserts="0">
                <properties>
                  <property name="retryIteration" value="0" />
                  <property name="repeatIteration" value="0" />
                </properties>
              </test-case>
              <test-case id="1018" name="SaveService_LoadsDefaultOnCorruptJson" fullname="GuildIdle.Editor.Player.PlayerStateTests.SaveService_LoadsDefaultOnCorruptJson" methodname="SaveService_LoadsDefaultOnCorruptJson" classname="GuildIdle.Editor.Player.PlayerStateTests" runstate="Runnable" seed="1073428046" result="Passed" start-time="2026-07-14 09:55:41Z" end-time="2026-07-14 09:55:41Z" duration="0.000221" asserts="0">
                <properties>
                  <property name="retryIteration" value="0" />
                  <property name="repeatIteration" value="0" />
                </properties>
              </test-case>
              <test-case id="1016" name="SaveService_MigratesLegacyHeroSlotsWithoutWritingThemBack" fullname="GuildIdle.Editor.Player.PlayerStateTests.SaveService_MigratesLegacyHeroSlotsWithoutWritingThemBack" methodname="SaveService_MigratesLegacyHeroSlotsWithoutWritingThemBack" classname="GuildIdle.Editor.Player.PlayerStateTests" runstate="Runnable" seed="122305773" result="Passed" start-time="2026-07-14 09:55:41Z" end-time="2026-07-14 09:55:41Z" duration="0.000199" asserts="0">
                <properties>
                  <property name="retryIteration" value="0" />
                  <property name="repeatIteration" value="0" />
                </properties>
              </test-case>
              <test-case id="1013" name="UnknownId_DoesNotMutateState" fullname="GuildIdle.Editor.Player.PlayerStateTests.UnknownId_DoesNotMutateState" methodname="UnknownId_DoesNotMutateState" classname="GuildIdle.Editor.Player.PlayerStateTests" runstate="Runnable" seed="630587012" result="Passed" start-time="2026-07-14 09:55:41Z" end-time="2026-07-14 09:55:41Z" duration="0.000136" asserts="0">
                <properties>
                  <property name="retryIteration" value="0" />
                  <property name="repeatIteration" value="0" />
                </properties>
                <output><![CDATA[Saving results to: C:/Users/Andrew/AppData/LocalLow/DefaultCompany/GuildIdle\TestResults.xml
]]></output>
              </test-case>
            </test-suite>
          </test-suite>
        </test-suite>
      </test-suite>
    </test-suite>
  </test-suite>
</test-run>